FiscalFlowAdmin Information: 0 : Логирование настроено успешно.
    DateTime=2024-12-12T18:47:12.7874162Z
FiscalFlowAdmin Information: 0 : Инициализация предыдущих метрик мониторинга завершена.
    DateTime=2024-12-12T18:47:12.7963264Z
FiscalFlowAdmin Information: 0 : Мониторинг базы данных обновлен успешно: Транзакций в минуту: 0,00, Вставлено строк: 0,00, Обновлено строк: 0,00, Удалено строк: 0,00, Кэш-хит: 0,00%, Активных соединений: 2
    DateTime=2024-12-12T18:47:12.8452786Z
FiscalFlowAdmin Information: 0 : Мониторинг базы данных обновлен успешно: Транзакций в минуту: 113,90, Вставлено строк: 0,00, Обновлено строк: 0,00, Удалено строк: 0,00, Кэш-хит: 100,00%, Активных соединений: 2
    DateTime=2024-12-12T18:47:16.5298237Z
FiscalFlowAdmin Information: 0 : Мониторинг базы данных обновлен успешно: Транзакций в минуту: 58,81, Вставлено строк: 0,00, Обновлено строк: 0,00, Удалено строк: 0,00, Кэш-хит: 100,00%, Активных соединений: 2
    DateTime=2024-12-12T18:47:23.0480984Z
FiscalFlowAdmin Information: 0 : Мониторинг базы данных обновлен успешно: Транзакций в минуту: 35,97, Вставлено строк: 0,00, Обновлено строк: 0,00, Удалено строк: 0,00, Кэш-хит: 0,00%, Активных соединений: 2
    DateTime=2024-12-12T18:47:26.5372408Z
FiscalFlowAdmin Information: 0 : Мониторинг базы данных обновлен успешно: Транзакций в минуту: 35,95, Вставлено строк: 0,00, Обновлено строк: 0,00, Удалено строк: 0,00, Кэш-хит: 0,00%, Активных соединений: 2
    DateTime=2024-12-12T18:47:33.0606742Z
FiscalFlowAdmin Information: 0 : Мониторинг базы данных обновлен успешно: Транзакций в минуту: 35,97, Вставлено строк: 0,00, Обновлено строк: 0,00, Удалено строк: 0,00, Кэш-хит: 0,00%, Активных соединений: 2
    DateTime=2024-12-12T18:47:36.5450128Z
FiscalFlowAdmin Information: 0 : Мониторинг базы данных обновлен успешно: Транзакций в минуту: 35,98, Вставлено строк: 0,00, Обновлено строк: 0,00, Удалено строк: 0,00, Кэш-хит: 0,00%, Активных соединений: 2
    DateTime=2024-12-12T18:47:43.0657341Z
FiscalFlowAdmin Information: 0 : Мониторинг базы данных обновлен успешно: Транзакций в минуту: 47,97, Вставлено строк: 0,00, Обновлено строк: 0,00, Удалено строк: 0,00, Кэш-хит: 100,00%, Активных соединений: 2
    DateTime=2024-12-12T18:47:46.5523045Z
FiscalFlowAdmin Information: 0 : Мониторинг базы данных обновлен успешно: Транзакций в минуту: 47,95, Вставлено строк: 0,00, Обновлено строк: 0,00, Удалено строк: 0,00, Кэш-хит: 100,00%, Активных соединений: 2
    DateTime=2024-12-12T18:47:53.0753502Z
FiscalFlowAdmin Information: 0 : Мониторинг базы данных обновлен успешно: Транзакций в минуту: 35,95, Вставлено строк: 0,00, Обновлено строк: 0,00, Удалено строк: 0,00, Кэш-хит: 0,00%, Активных соединений: 2
    DateTime=2024-12-12T18:47:56.5661289Z
FiscalFlowAdmin Information: 0 : Мониторинг базы данных обновлен успешно: Транзакций в минуту: 35,98, Вставлено строк: 0,00, Обновлено строк: 0,00, Удалено строк: 0,00, Кэш-хит: 0,00%, Активных соединений: 2
    DateTime=2024-12-12T18:48:03.0821889Z
FiscalFlowAdmin Information: 0 : Мониторинг базы данных обновлен успешно: Транзакций в минуту: 35,96, Вставлено строк: 0,00, Обновлено строк: 0,00, Удалено строк: 0,00, Кэш-хит: 0,00%, Активных соединений: 2
    DateTime=2024-12-12T18:48:06.5768817Z
FiscalFlowAdmin Information: 0 : Мониторинг базы данных обновлен успешно: Транзакций в минуту: 35,98, Вставлено строк: 0,00, Обновлено строк: 0,00, Удалено строк: 0,00, Кэш-хит: 0,00%, Активных соединений: 2
    DateTime=2024-12-12T18:48:13.0883445Z
FiscalFlowAdmin Information: 0 : Мониторинг базы данных обновлен успешно: Транзакций в минуту: 35,98, Вставлено строк: 0,00, Обновлено строк: 0,00, Удалено строк: 0,00, Кэш-хит: 0,00%, Активных соединений: 2
    DateTime=2024-12-12T18:48:16.5830527Z
FiscalFlowAdmin Information: 0 : Мониторинг базы данных обновлен успешно: Транзакций в минуту: 35,98, Вставлено строк: 0,00, Обновлено строк: 0,00, Удалено строк: 0,00, Кэш-хит: 0,00%, Активных соединений: 2
    DateTime=2024-12-12T18:48:23.0935946Z
FiscalFlowAdmin Information: 0 : Мониторинг базы данных обновлен успешно: Транзакций в минуту: 36,00, Вставлено строк: 0,00, Обновлено строк: 0,00, Удалено строк: 0,00, Кэш-хит: 0,00%, Активных соединений: 2
    DateTime=2024-12-12T18:48:26.5840626Z
FiscalFlowAdmin Information: 0 : Мониторинг базы данных обновлен успешно: Транзакций в минуту: 35,95, Вставлено строк: 0,00, Обновлено строк: 0,00, Удалено строк: 0,00, Кэш-хит: 0,00%, Активных соединений: 2
    DateTime=2024-12-12T18:48:33.1085629Z
FiscalFlowAdmin Information: 0 : Мониторинг базы данных обновлен успешно: Транзакций в минуту: 35,99, Вставлено строк: 0,00, Обновлено строк: 0,00, Удалено строк: 0,00, Кэш-хит: 0,00%, Активных соединений: 2
    DateTime=2024-12-12T18:48:36.5879438Z
FiscalFlowAdmin Information: 0 : Мониторинг базы данных обновлен успешно: Транзакций в минуту: 35,98, Вставлено строк: 0,00, Обновлено строк: 0,00, Удалено строк: 0,00, Кэш-хит: 0,00%, Активных соединений: 2
    DateTime=2024-12-12T18:48:43.1130026Z
FiscalFlowAdmin Information: 0 : Мониторинг базы данных обновлен успешно: Транзакций в минуту: 47,95, Вставлено строк: 0,00, Обновлено строк: 0,00, Удалено строк: 0,00, Кэш-хит: 100,00%, Активных соединений: 2
    DateTime=2024-12-12T18:48:46.5981017Z
FiscalFlowAdmin Information: 0 : Мониторинг базы данных обновлен успешно: Транзакций в минуту: 47,95, Вставлено строк: 0,00, Обновлено строк: 0,00, Удалено строк: 0,00, Кэш-хит: 100,00%, Активных соединений: 2
    DateTime=2024-12-12T18:48:53.1235314Z
FiscalFlowAdmin Information: 0 : Мониторинг базы данных обновлен успешно: Транзакций в минуту: 35,95, Вставлено строк: 0,00, Обновлено строк: 0,00, Удалено строк: 0,00, Кэш-хит: 0,00%, Активных соединений: 2
    DateTime=2024-12-12T18:48:56.6122882Z
FiscalFlowAdmin Information: 0 : Мониторинг базы данных обновлен успешно: Транзакций в минуту: 35,95, Вставлено строк: 0,00, Обновлено строк: 0,00, Удалено строк: 0,00, Кэш-хит: 0,00%, Активных соединений: 2
    DateTime=2024-12-12T18:49:03.1366489Z
FiscalFlowAdmin Information: 0 : Мониторинг базы данных обновлен успешно: Транзакций в минуту: 35,98, Вставлено строк: 0,00, Обновлено строк: 0,00, Удалено строк: 0,00, Кэш-хит: 0,00%, Активных соединений: 2
    DateTime=2024-12-12T18:49:06.6191194Z
FiscalFlowAdmin Information: 0 : Мониторинг базы данных обновлен успешно: Транзакций в минуту: 35,96, Вставлено строк: 0,00, Обновлено строк: 0,00, Удалено строк: 0,00, Кэш-хит: 0,00%, Активных соединений: 2
    DateTime=2024-12-12T18:49:13.1471879Z
FiscalFlowAdmin Information: 0 : Мониторинг базы данных обновлен успешно: Транзакций в минуту: 36,00, Вставлено строк: 0,00, Обновлено строк: 0,00, Удалено строк: 0,00, Кэш-хит: 0,00%, Активных соединений: 2
    DateTime=2024-12-12T18:49:16.6200072Z
FiscalFlowAdmin Information: 0 : Мониторинг базы данных обновлен успешно: Транзакций в минуту: 35,95, Вставлено строк: 0,00, Обновлено строк: 0,00, Удалено строк: 0,00, Кэш-хит: 0,00%, Активных соединений: 2
    DateTime=2024-12-12T18:49:23.1624154Z
FiscalFlowAdmin Information: 0 : Мониторинг базы данных обновлен успешно: Транзакций в минуту: 35,95, Вставлено строк: 0,00, Обновлено строк: 0,00, Удалено строк: 0,00, Кэш-хит: 0,00%, Активных соединений: 2
    DateTime=2024-12-12T18:49:26.6330362Z
FiscalFlowAdmin Information: 0 : Мониторинг базы данных обновлен успешно: Транзакций в минуту: 35,97, Вставлено строк: 0,00, Обновлено строк: 0,00, Удалено строк: 0,00, Кэш-хит: 0,00%, Активных соединений: 2
    DateTime=2024-12-12T18:49:33.1712227Z
FiscalFlowAdmin Information: 0 : Мониторинг базы данных обновлен успешно: Транзакций в минуту: 35,94, Вставлено строк: 0,00, Обновлено строк: 0,00, Удалено строк: 0,00, Кэш-хит: 0,00%, Активных соединений: 2
    DateTime=2024-12-12T18:49:36.6489004Z
FiscalFlowAdmin Information: 0 : Мониторинг базы данных обновлен успешно: Транзакций в минуту: 35,94, Вставлено строк: 0,00, Обновлено строк: 0,00, Удалено строк: 0,00, Кэш-хит: 0,00%, Активных соединений: 2
    DateTime=2024-12-12T18:49:43.1875631Z
FiscalFlowAdmin Information: 0 : Мониторинг базы данных обновлен успешно: Транзакций в минуту: 47,93, Вставлено строк: 0,00, Обновлено строк: 0,00, Удалено строк: 0,00, Кэш-хит: 100,00%, Активных соединений: 2
    DateTime=2024-12-12T18:49:46.6625886Z
FiscalFlowAdmin Information: 0 : Мониторинг базы данных обновлен успешно: Транзакций в минуту: 47,92, Вставлено строк: 0,00, Обновлено строк: 0,00, Удалено строк: 0,00, Кэш-хит: 100,00%, Активных соединений: 2
    DateTime=2024-12-12T18:49:53.2043781Z
FiscalFlowAdmin Information: 0 : Мониторинг базы данных обновлен успешно: Транзакций в минуту: 35,96, Вставлено строк: 0,00, Обновлено строк: 0,00, Удалено строк: 0,00, Кэш-хит: 0,00%, Активных соединений: 2
    DateTime=2024-12-12T18:49:56.6742468Z
FiscalFlowAdmin Information: 0 : Мониторинг базы данных обновлен успешно: Транзакций в минуту: 35,98, Вставлено строк: 0,00, Обновлено строк: 0,00, Удалено строк: 0,00, Кэш-хит: 0,00%, Активных соединений: 2
    DateTime=2024-12-12T18:50:03.2087396Z
FiscalFlowAdmin Information: 0 : Мониторинг базы данных обновлен успешно: Транзакций в минуту: 35,95, Вставлено строк: 0,00, Обновлено строк: 0,00, Удалено строк: 0,00, Кэш-хит: 0,00%, Активных соединений: 2
    DateTime=2024-12-12T18:50:06.6877457Z
FiscalFlowAdmin Information: 0 : Мониторинг базы данных обновлен успешно: Транзакций в минуту: 35,98, Вставлено строк: 0,00, Обновлено строк: 0,00, Удалено строк: 0,00, Кэш-хит: 0,00%, Активных соединений: 2
    DateTime=2024-12-12T18:50:13.2151379Z
FiscalFlowAdmin Information: 0 : Мониторинг базы данных обновлен успешно: Транзакций в минуту: 36,00, Вставлено строк: 0,00, Обновлено строк: 0,00, Удалено строк: 0,00, Кэш-хит: 0,00%, Активных соединений: 2
    DateTime=2024-12-12T18:50:16.6889942Z
FiscalFlowAdmin Information: 0 : Мониторинг базы данных обновлен успешно: Транзакций в минуту: 35,99, Вставлено строк: 0,00, Обновлено строк: 0,00, Удалено строк: 0,00, Кэш-хит: 0,00%, Активных соединений: 2
    DateTime=2024-12-12T18:50:23.2188018Z
FiscalFlowAdmin Information: 0 : Мониторинг базы данных обновлен успешно: Транзакций в минуту: 35,83, Вставлено строк: 0,00, Обновлено строк: 0,00, Удалено строк: 0,00, Кэш-хит: 100,00%, Активных соединений: 2
    DateTime=2024-12-12T18:50:26.7370488Z
FiscalFlowAdmin Information: 0 : Мониторинг базы данных обновлен успешно: Транзакций в минуту: 35,96, Вставлено строк: 0,00, Обновлено строк: 0,00, Удалено строк: 0,00, Кэш-хит: 100,00%, Активных соединений: 2
    DateTime=2024-12-12T18:50:33.2287668Z
FiscalFlowAdmin Information: 0 : Мониторинг базы данных обновлен успешно: Транзакций в минуту: 35,94, Вставлено строк: 0,00, Обновлено строк: 0,00, Удалено строк: 0,00, Кэш-хит: 100,00%, Активных соединений: 2
    DateTime=2024-12-12T18:50:36.7550792Z
FiscalFlowAdmin Information: 0 : Мониторинг базы данных обновлен успешно: Транзакций в минуту: 35,88, Вставлено строк: 0,00, Обновлено строк: 0,00, Удалено строк: 0,00, Кэш-хит: 0,00%, Активных соединений: 2
    DateTime=2024-12-12T18:50:43.2631924Z
FiscalFlowAdmin Information: 0 : Мониторинг базы данных обновлен успешно: Транзакций в минуту: 47,92, Вставлено строк: 0,00, Обновлено строк: 0,00, Удалено строк: 0,00, Кэш-хит: 100,00%, Активных соединений: 2
    DateTime=2024-12-12T18:50:46.7727950Z
FiscalFlowAdmin Information: 0 : Мониторинг базы данных обновлен успешно: Транзакций в минуту: 47,97, Вставлено строк: 0,00, Обновлено строк: 0,00, Удалено строк: 0,00, Кэш-хит: 100,00%, Активных соединений: 2
    DateTime=2024-12-12T18:50:53.2692350Z
FiscalFlowAdmin Information: 0 : Мониторинг базы данных обновлен успешно: Транзакций в минуту: 35,98, Вставлено строк: 0,00, Обновлено строк: 0,00, Удалено строк: 0,00, Кэш-хит: 0,00%, Активных соединений: 2
    DateTime=2024-12-12T18:50:56.7779032Z
FiscalFlowAdmin Information: 0 : Мониторинг базы данных обновлен успешно: Транзакций в минуту: 35,98, Вставлено строк: 0,00, Обновлено строк: 0,00, Удалено строк: 0,00, Кэш-хит: 0,00%, Активных соединений: 2
    DateTime=2024-12-12T18:51:03.2748454Z
FiscalFlowAdmin Information: 0 : Мониторинг базы данных обновлен успешно: Транзакций в минуту: 35,99, Вставлено строк: 0,00, Обновлено строк: 0,00, Удалено строк: 0,00, Кэш-хит: 0,00%, Активных соединений: 2
    DateTime=2024-12-12T18:51:06.7803056Z
FiscalFlowAdmin Information: 0 : Мониторинг базы данных обновлен успешно: Транзакций в минуту: 35,97, Вставлено строк: 0,00, Обновлено строк: 0,00, Удалено строк: 0,00, Кэш-хит: 0,00%, Активных соединений: 2
    DateTime=2024-12-12T18:51:13.2843012Z
FiscalFlowAdmin Information: 0 : Мониторинг базы данных обновлен успешно: Транзакций в минуту: 35,98, Вставлено строк: 0,00, Обновлено строк: 0,00, Удалено строк: 0,00, Кэш-хит: 0,00%, Активных соединений: 2
    DateTime=2024-12-12T18:51:16.7864216Z
FiscalFlowAdmin Information: 0 : Мониторинг базы данных обновлен успешно: Транзакций в минуту: 35,99, Вставлено строк: 0,00, Обновлено строк: 0,00, Удалено строк: 0,00, Кэш-хит: 0,00%, Активных соединений: 2
    DateTime=2024-12-12T18:51:23.2880473Z
FiscalFlowAdmin Information: 0 : Мониторинг базы данных обновлен успешно: Транзакций в минуту: 35,99, Вставлено строк: 0,00, Обновлено строк: 0,00, Удалено строк: 0,00, Кэш-хит: 0,00%, Активных соединений: 2
    DateTime=2024-12-12T18:51:26.7890105Z
FiscalFlowAdmin Information: 0 : Мониторинг базы данных обновлен успешно: Транзакций в минуту: 35,97, Вставлено строк: 0,00, Обновлено строк: 0,00, Удалено строк: 0,00, Кэш-хит: 0,00%, Активных соединений: 2
    DateTime=2024-12-12T18:51:33.2962263Z
FiscalFlowAdmin Information: 0 : Мониторинг базы данных обновлен успешно: Транзакций в минуту: 35,94, Вставлено строк: 0,00, Обновлено строк: 0,00, Удалено строк: 0,00, Кэш-хит: 0,00%, Активных соединений: 2
    DateTime=2024-12-12T18:51:36.8048566Z
FiscalFlowAdmin Information: 0 : Мониторинг базы данных обновлен успешно: Транзакций в минуту: 35,93, Вставлено строк: 0,00, Обновлено строк: 0,00, Удалено строк: 0,00, Кэш-хит: 0,00%, Активных соединений: 2
    DateTime=2024-12-12T18:51:43.3146532Z
FiscalFlowAdmin Information: 0 : Мониторинг базы данных обновлен успешно: Транзакций в минуту: 47,93, Вставлено строк: 0,00, Обновлено строк: 0,00, Удалено строк: 0,00, Кэш-хит: 100,00%, Активных соединений: 2
    DateTime=2024-12-12T18:51:46.8199829Z
FiscalFlowAdmin Information: 0 : Мониторинг базы данных обновлен успешно: Транзакций в минуту: 47,99, Вставлено строк: 0,00, Обновлено строк: 0,00, Удалено строк: 0,00, Кэш-хит: 100,00%, Активных соединений: 2
    DateTime=2024-12-12T18:51:53.3161363Z
FiscalFlowAdmin Information: 0 : Мониторинг базы данных обновлен успешно: Транзакций в минуту: 35,94, Вставлено строк: 0,00, Обновлено строк: 0,00, Удалено строк: 0,00, Кэш-хит: 0,00%, Активных соединений: 2
    DateTime=2024-12-12T18:51:56.8357535Z
FiscalFlowAdmin Information: 0 : Мониторинг базы данных обновлен успешно: Транзакций в минуту: 35,99, Вставлено строк: 0,00, Обновлено строк: 0,00, Удалено строк: 0,00, Кэш-хит: 0,00%, Активных соединений: 2
    DateTime=2024-12-12T18:52:03.3183174Z
FiscalFlowAdmin Information: 0 : Мониторинг базы данных обновлен успешно: Транзакций в минуту: 35,96, Вставлено строк: 0,00, Обновлено строк: 0,00, Удалено строк: 0,00, Кэш-хит: 0,00%, Активных соединений: 2
    DateTime=2024-12-12T18:52:06.8478459Z
FiscalFlowAdmin Information: 0 : Мониторинг базы данных обновлен успешно: Транзакций в минуту: 35,95, Вставлено строк: 0,00, Обновлено строк: 0,00, Удалено строк: 0,00, Кэш-хит: 0,00%, Активных соединений: 2
    DateTime=2024-12-12T18:52:13.3316193Z
FiscalFlowAdmin Information: 0 : Мониторинг базы данных обновлен успешно: Транзакций в минуту: 35,96, Вставлено строк: 0,00, Обновлено строк: 0,00, Удалено строк: 0,00, Кэш-хит: 0,00%, Активных соединений: 2
    DateTime=2024-12-12T18:52:16.8583417Z
FiscalFlowAdmin Information: 0 : Мониторинг базы данных обновлен успешно: Транзакций в минуту: 35,97, Вставлено строк: 0,00, Обновлено строк: 0,00, Удалено строк: 0,00, Кэш-хит: 0,00%, Активных соединений: 2
    DateTime=2024-12-12T18:52:23.3386656Z
FiscalFlowAdmin Information: 0 : Мониторинг базы данных обновлен успешно: Транзакций в минуту: 35,95, Вставлено строк: 0,00, Обновлено строк: 0,00, Удалено строк: 0,00, Кэш-хит: 0,00%, Активных соединений: 2
    DateTime=2024-12-12T18:52:26.8719960Z
FiscalFlowAdmin Information: 0 : Мониторинг базы данных обновлен успешно: Транзакций в минуту: 35,95, Вставлено строк: 0,00, Обновлено строк: 0,00, Удалено строк: 0,00, Кэш-хит: 0,00%, Активных соединений: 2
    DateTime=2024-12-12T18:52:33.3513519Z
FiscalFlowAdmin Information: 0 : Мониторинг базы данных обновлен успешно: Транзакций в минуту: 35,95, Вставлено строк: 0,00, Обновлено строк: 0,00, Удалено строк: 0,00, Кэш-хит: 0,00%, Активных соединений: 2
    DateTime=2024-12-12T18:52:36.8869858Z
FiscalFlowAdmin Information: 0 : Мониторинг базы данных обновлен успешно: Транзакций в минуту: 35,97, Вставлено строк: 0,00, Обновлено строк: 0,00, Удалено строк: 0,00, Кэш-хит: 0,00%, Активных соединений: 2
    DateTime=2024-12-12T18:52:43.3601683Z
FiscalFlowAdmin Information: 0 : Мониторинг базы данных обновлен успешно: Транзакций в минуту: 47,99, Вставлено строк: 0,00, Обновлено строк: 0,00, Удалено строк: 0,00, Кэш-хит: 100,00%, Активных соединений: 2
    DateTime=2024-12-12T18:52:46.8890193Z
Получено 4 элементов из репозитория 'User'.
DisplayMemberPath: Email
ComboBox 'User' настроен с 4 элементами.
Получено 4 элементов из репозитория 'Currency'.
DisplayMemberPath: Name
ComboBox 'Currency' настроен с 4 элементами.
Получено 2 элементов из репозитория 'Profile'.
DisplayMemberPath: User.Email
ComboBox 'Profile' настроен с 2 элементами.
Получено 4 элементов из репозитория 'Currency'.
DisplayMemberPath: Name
ComboBox 'Currency' настроен с 4 элементами.
Получено 2 элементов из репозитория 'Profile'.
DisplayMemberPath: User.Email
ComboBox 'Profile' настроен с 2 элементами.
Получено 4 элементов из репозитория 'Currency'.
DisplayMemberPath: Name
ComboBox 'Currency' настроен с 4 элементами.
Получено 2 элементов из репозитория 'Profile'.
DisplayMemberPath: User.Email
ComboBox 'Profile' настроен с 2 элементами.
Получено 4 элементов из репозитория 'Currency'.
DisplayMemberPath: Name
ComboBox 'Currency' настроен с 4 элементами.
Получено 2 элементов из репозитория 'Profile'.
DisplayMemberPath: User.Email
ComboBox 'Profile' настроен с 2 элементами.
FiscalFlowAdmin Information: 0 : Мониторинг базы данных обновлен успешно: Транзакций в минуту: 263,95, Вставлено строк: 0,00, Обновлено строк: 0,00, Удалено строк: 0,00, Кэш-хит: 100,00%, Активных соединений: 2
    DateTime=2024-12-12T18:52:53.3620827Z
Получено 3 элементов из репозитория 'Bill'.
DisplayMemberPath: Balance
ComboBox 'Bill' настроен с 3 элементами.
FiscalFlowAdmin Information: 0 : Мониторинг базы данных обновлен успешно: Транзакций в минуту: 323,91, Вставлено строк: 0,00, Обновлено строк: 0,00, Удалено строк: 0,00, Кэш-хит: 100,00%, Активных соединений: 2
    DateTime=2024-12-12T18:52:56.8916421Z
Получено 3 элементов из репозитория 'Bill'.
DisplayMemberPath: Profile
ComboBox 'Bill' настроен с 3 элементами.
Получено 14 элементов из репозитория 'TransactionCategory'.
DisplayMemberPath: Name
ComboBox 'Category' настроен с 14 элементами.
FiscalFlowAdmin Information: 0 : Мониторинг базы данных обновлен успешно: Транзакций в минуту: 110,42, Вставлено строк: 0,00, Обновлено строк: 0,00, Удалено строк: 0,00, Кэш-хит: 100,00%, Активных соединений: 2
    DateTime=2024-12-12T18:53:06.4029062Z
FiscalFlowAdmin Information: 0 : Мониторинг базы данных обновлен успешно: Транзакций в минуту: 53,92, Вставлено строк: 0,00, Обновлено строк: 0,00, Удалено строк: 0,00, Кэш-хит: 100,00%, Активных соединений: 2
    DateTime=2024-12-12T18:53:06.9060591Z
FiscalFlowAdmin Information: 0 : Мониторинг базы данных обновлен успешно: Транзакций в минуту: 29,97, Вставлено строк: 0,00, Обновлено строк: 0,00, Удалено строк: 0,00, Кэш-хит: 0,00%, Активных соединений: 2
    DateTime=2024-12-12T18:53:16.4121335Z
FiscalFlowAdmin Information: 0 : Мониторинг базы данных обновлен успешно: Транзакций в минуту: 29,95, Вставлено строк: 0,00, Обновлено строк: 0,00, Удалено строк: 0,00, Кэш-хит: 0,00%, Активных соединений: 2
    DateTime=2024-12-12T18:53:16.9222514Z
FiscalFlowAdmin Information: 0 : Мониторинг базы данных обновлен успешно: Транзакций в минуту: 35,92, Вставлено строк: 0,00, Обновлено строк: 0,00, Удалено строк: 0,00, Кэш-хит: 0,00%, Активных соединений: 2
    DateTime=2024-12-12T18:53:26.4331373Z
FiscalFlowAdmin Information: 0 : Мониторинг базы данных обновлен успешно: Транзакций в минуту: 35,62, Вставлено строк: 0,00, Обновлено строк: 0,00, Удалено строк: 0,00, Кэш-хит: 0,00%, Активных соединений: 2
    DateTime=2024-12-12T18:53:27.0288870Z
FiscalFlowAdmin Information: 0 : Мониторинг базы данных обновлен успешно: Транзакций в минуту: 36,00, Вставлено строк: 0,00, Обновлено строк: 0,00, Удалено строк: 0,00, Кэш-хит: 0,00%, Активных соединений: 2
    DateTime=2024-12-12T18:53:36.4345149Z
FiscalFlowAdmin Information: 0 : Мониторинг базы данных обновлен успешно: Транзакций в минуту: 35,98, Вставлено строк: 0,00, Обновлено строк: 0,00, Удалено строк: 0,00, Кэш-хит: 0,00%, Активных соединений: 2
    DateTime=2024-12-12T18:53:37.0334531Z
FiscalFlowAdmin Information: 0 : Мониторинг базы данных обновлен успешно: Транзакций в минуту: 47,95, Вставлено строк: 0,00, Обновлено строк: 0,00, Удалено строк: 0,00, Кэш-хит: 100,00%, Активных соединений: 2
    DateTime=2024-12-12T18:53:46.4440581Z
FiscalFlowAdmin Information: 0 : Мониторинг базы данных обновлен успешно: Транзакций в минуту: 47,98, Вставлено строк: 0,00, Обновлено строк: 0,00, Удалено строк: 0,00, Кэш-хит: 100,00%, Активных соединений: 2
    DateTime=2024-12-12T18:53:47.0369616Z
FiscalFlowAdmin Information: 0 : Мониторинг базы данных обновлен успешно: Транзакций в минуту: 24,66, Вставлено строк: 0,00, Обновлено строк: 0,00, Удалено строк: 0,00, Кэш-хит: 100,00%, Активных соединений: 2
    DateTime=2024-12-12T18:54:05.9064134Z
FiscalFlowAdmin Information: 0 : Мониторинг базы данных обновлен успешно: Транзакций в минуту: 34,58, Вставлено строк: 0,00, Обновлено строк: 0,00, Удалено строк: 0,00, Кэш-хит: 100,00%, Активных соединений: 3
    DateTime=2024-12-12T18:54:06.1241139Z
FiscalFlowAdmin Information: 0 : Мониторинг базы данных обновлен успешно: Транзакций в минуту: 30,00, Вставлено строк: 0,00, Обновлено строк: 0,00, Удалено строк: 0,00, Кэш-хит: 100,00%, Активных соединений: 3
    DateTime=2024-12-12T18:54:15.9076928Z
FiscalFlowAdmin Information: 0 : Мониторинг базы данных обновлен успешно: Транзакций в минуту: 23,97, Вставлено строк: 0,00, Обновлено строк: 0,00, Удалено строк: 0,00, Кэш-хит: 100,00%, Активных соединений: 3
    DateTime=2024-12-12T18:54:16.1378602Z
