FiscalFlowAdmin Information: 0 : Логирование настроено успешно.
    DateTime=2024-11-26T09:25:22.0047661Z
FiscalFlowAdmin Information: 0 : Инициализация предыдущих метрик мониторинга завершена.
    DateTime=2024-11-26T09:25:22.0102685Z
FiscalFlowAdmin Information: 0 : Мониторинг базы данных обновлен успешно: Транзакций в минуту: 0,00, Вставлено строк: 0,00, Обновлено строк: 0,00, Удалено строк: 0,00, Кэш-хит: 0,00%, Активных соединений: 1
    DateTime=2024-11-26T09:25:22.0436978Z
FiscalFlowAdmin Information: 0 : Мониторинг базы данных обновлен успешно: Транзакций в минуту: 77,84, Вставлено строк: 0,00, Обновлено строк: 0,00, Удалено строк: 0,00, Кэш-хит: 100,00%, Активных соединений: 1
    DateTime=2024-11-26T09:25:27.9558264Z
FiscalFlowAdmin Information: 0 : Мониторинг базы данных обновлен успешно: Транзакций в минуту: 59,94, Вставлено строк: 0,00, Обновлено строк: 0,00, Удалено строк: 0,00, Кэш-хит: 100,00%, Активных соединений: 1
    DateTime=2024-11-26T09:25:32.0541202Z
FiscalFlowAdmin Information: 0 : Мониторинг базы данных обновлен успешно: Транзакций в минуту: 35,96, Вставлено строк: 0,00, Обновлено строк: 0,00, Удалено строк: 0,00, Кэш-хит: 0,00%, Активных соединений: 1
    DateTime=2024-11-26T09:25:37.9673387Z
FiscalFlowAdmin Information: 0 : Мониторинг базы данных обновлен успешно: Транзакций в минуту: 35,97, Вставлено строк: 0,00, Обновлено строк: 0,00, Удалено строк: 0,00, Кэш-хит: 0,00%, Активных соединений: 1
    DateTime=2024-11-26T09:25:42.0629731Z
FiscalFlowAdmin Information: 0 : Мониторинг базы данных обновлен успешно: Транзакций в минуту: 35,99, Вставлено строк: 0,00, Обновлено строк: 0,00, Удалено строк: 0,00, Кэш-хит: 0,00%, Активных соединений: 1
    DateTime=2024-11-26T09:25:47.9699820Z
FiscalFlowAdmin Information: 0 : Мониторинг базы данных обновлен успешно: Транзакций в минуту: 35,97, Вставлено строк: 0,00, Обновлено строк: 0,00, Удалено строк: 0,00, Кэш-хит: 0,00%, Активных соединений: 1
    DateTime=2024-11-26T09:25:52.0717670Z
FiscalFlowAdmin Information: 0 : Мониторинг базы данных обновлен успешно: Транзакций в минуту: 35,99, Вставлено строк: 0,00, Обновлено строк: 0,00, Удалено строк: 0,00, Кэш-хит: 0,00%, Активных соединений: 1
    DateTime=2024-11-26T09:25:57.9733879Z
FiscalFlowAdmin Information: 0 : Мониторинг базы данных обновлен успешно: Транзакций в минуту: 35,94, Вставлено строк: 0,00, Обновлено строк: 0,00, Удалено строк: 0,00, Кэш-хит: 0,00%, Активных соединений: 1
    DateTime=2024-11-26T09:26:02.0887680Z
FiscalFlowAdmin Information: 0 : Мониторинг базы данных обновлен успешно: Транзакций в минуту: 35,81, Вставлено строк: 0,00, Обновлено строк: 0,00, Удалено строк: 0,00, Кэш-хит: 100,00%, Активных соединений: 1
    DateTime=2024-11-26T09:26:08.0273713Z
FiscalFlowAdmin Information: 0 : Мониторинг базы данных обновлен успешно: Транзакций в минуту: 35,94, Вставлено строк: 0,00, Обновлено строк: 0,00, Удалено строк: 0,00, Кэш-хит: 100,00%, Активных соединений: 1
    DateTime=2024-11-26T09:26:12.1045707Z
FiscalFlowAdmin Information: 0 : Мониторинг базы данных обновлен успешно: Транзакций в минуту: 35,94, Вставлено строк: 0,00, Обновлено строк: 0,00, Удалено строк: 0,00, Кэш-хит: 100,00%, Активных соединений: 1
    DateTime=2024-11-26T09:26:18.0426820Z
FiscalFlowAdmin Information: 0 : Мониторинг базы данных обновлен успешно: Транзакций в минуту: 47,97, Вставлено строк: 0,00, Обновлено строк: 0,00, Удалено строк: 0,00, Кэш-хит: 100,00%, Активных соединений: 1
    DateTime=2024-11-26T09:26:22.1105616Z
FiscalFlowAdmin Information: 0 : Мониторинг базы данных обновлен успешно: Транзакций в минуту: 47,99, Вставлено строк: 0,00, Обновлено строк: 0,00, Удалено строк: 0,00, Кэш-хит: 100,00%, Активных соединений: 1
    DateTime=2024-11-26T09:26:28.0456719Z
FiscalFlowAdmin Information: 0 : Мониторинг базы данных обновлен успешно: Транзакций в минуту: 35,97, Вставлено строк: 0,00, Обновлено строк: 0,00, Удалено строк: 0,00, Кэш-хит: 0,00%, Активных соединений: 1
    DateTime=2024-11-26T09:26:32.1183243Z
FiscalFlowAdmin Information: 0 : Мониторинг базы данных обновлен успешно: Транзакций в минуту: 35,95, Вставлено строк: 0,00, Обновлено строк: 0,00, Удалено строк: 0,00, Кэш-хит: 0,00%, Активных соединений: 1
    DateTime=2024-11-26T09:26:38.0597889Z
FiscalFlowAdmin Information: 0 : Мониторинг базы данных обновлен успешно: Транзакций в минуту: 35,98, Вставлено строк: 0,00, Обновлено строк: 0,00, Удалено строк: 0,00, Кэш-хит: 0,00%, Активных соединений: 1
    DateTime=2024-11-26T09:26:42.1241906Z
FiscalFlowAdmin Information: 0 : Мониторинг базы данных обновлен успешно: Транзакций в минуту: 35,95, Вставлено строк: 0,00, Обновлено строк: 0,00, Удалено строк: 0,00, Кэш-хит: 0,00%, Активных соединений: 1
    DateTime=2024-11-26T09:26:48.0735076Z
FiscalFlowAdmin Information: 0 : Мониторинг базы данных обновлен успешно: Транзакций в минуту: 35,94, Вставлено строк: 0,00, Обновлено строк: 0,00, Удалено строк: 0,00, Кэш-хит: 0,00%, Активных соединений: 1
    DateTime=2024-11-26T09:26:52.1412649Z
FiscalFlowAdmin Information: 0 : Мониторинг базы данных обновлен успешно: Транзакций в минуту: 35,98, Вставлено строк: 0,00, Обновлено строк: 0,00, Удалено строк: 0,00, Кэш-хит: 0,00%, Активных соединений: 1
    DateTime=2024-11-26T09:26:58.0776942Z
FiscalFlowAdmin Information: 0 : Мониторинг базы данных обновлен успешно: Транзакций в минуту: 35,95, Вставлено строк: 0,00, Обновлено строк: 0,00, Удалено строк: 0,00, Кэш-хит: 0,00%, Активных соединений: 1
    DateTime=2024-11-26T09:27:02.1565686Z
FiscalFlowAdmin Information: 0 : Мониторинг базы данных обновлен успешно: Транзакций в минуту: 35,99, Вставлено строк: 0,00, Обновлено строк: 0,00, Удалено строк: 0,00, Кэш-хит: 0,00%, Активных соединений: 1
    DateTime=2024-11-26T09:27:08.0807152Z
FiscalFlowAdmin Information: 0 : Мониторинг базы данных обновлен успешно: Транзакций в минуту: 35,98, Вставлено строк: 0,00, Обновлено строк: 0,00, Удалено строк: 0,00, Кэш-хит: 0,00%, Активных соединений: 1
    DateTime=2024-11-26T09:27:12.1632592Z
FiscalFlowAdmin Information: 0 : Мониторинг базы данных обновлен успешно: Транзакций в минуту: 35,99, Вставлено строк: 0,00, Обновлено строк: 0,00, Удалено строк: 0,00, Кэш-хит: 0,00%, Активных соединений: 1
    DateTime=2024-11-26T09:27:18.0835081Z
FiscalFlowAdmin Information: 0 : Мониторинг базы данных обновлен успешно: Транзакций в минуту: 47,92, Вставлено строк: 0,00, Обновлено строк: 0,00, Удалено строк: 0,00, Кэш-хит: 100,00%, Активных соединений: 1
    DateTime=2024-11-26T09:27:22.1797435Z
FiscalFlowAdmin Information: 0 : Мониторинг базы данных обновлен успешно: Транзакций в минуту: 47,93, Вставлено строк: 0,00, Обновлено строк: 0,00, Удалено строк: 0,00, Кэш-хит: 100,00%, Активных соединений: 1
    DateTime=2024-11-26T09:27:28.0984320Z
FiscalFlowAdmin Information: 0 : Мониторинг базы данных обновлен успешно: Транзакций в минуту: 35,96, Вставлено строк: 0,00, Обновлено строк: 0,00, Удалено строк: 0,00, Кэш-хит: 0,00%, Активных соединений: 1
    DateTime=2024-11-26T09:27:32.1899817Z
FiscalFlowAdmin Information: 0 : Мониторинг базы данных обновлен успешно: Транзакций в минуту: 35,96, Вставлено строк: 0,00, Обновлено строк: 0,00, Удалено строк: 0,00, Кэш-хит: 0,00%, Активных соединений: 1
    DateTime=2024-11-26T09:27:38.1093197Z
FiscalFlowAdmin Information: 0 : Мониторинг базы данных обновлен успешно: Транзакций в минуту: 35,95, Вставлено строк: 0,00, Обновлено строк: 0,00, Удалено строк: 0,00, Кэш-хит: 0,00%, Активных соединений: 1
    DateTime=2024-11-26T09:27:42.2025577Z
FiscalFlowAdmin Information: 0 : Мониторинг базы данных обновлен успешно: Транзакций в минуту: 35,96, Вставлено строк: 0,00, Обновлено строк: 0,00, Удалено строк: 0,00, Кэш-хит: 0,00%, Активных соединений: 1
    DateTime=2024-11-26T09:27:48.1209948Z
FiscalFlowAdmin Information: 0 : Мониторинг базы данных обновлен успешно: Транзакций в минуту: 35,95, Вставлено строк: 0,00, Обновлено строк: 0,00, Удалено строк: 0,00, Кэш-хит: 0,00%, Активных соединений: 1
    DateTime=2024-11-26T09:27:52.2157775Z
FiscalFlowAdmin Information: 0 : Мониторинг базы данных обновлен успешно: Транзакций в минуту: 35,97, Вставлено строк: 0,00, Обновлено строк: 0,00, Удалено строк: 0,00, Кэш-хит: 0,00%, Активных соединений: 1
    DateTime=2024-11-26T09:27:58.1304535Z
FiscalFlowAdmin Information: 0 : Мониторинг базы данных обновлен успешно: Транзакций в минуту: 35,95, Вставлено строк: 0,00, Обновлено строк: 0,00, Удалено строк: 0,00, Кэш-хит: 0,00%, Активных соединений: 1
    DateTime=2024-11-26T09:28:02.2306919Z
FiscalFlowAdmin Information: 0 : Мониторинг базы данных обновлен успешно: Транзакций в минуту: 35,98, Вставлено строк: 0,00, Обновлено строк: 0,00, Удалено строк: 0,00, Кэш-хит: 0,00%, Активных соединений: 1
    DateTime=2024-11-26T09:28:08.1354387Z
FiscalFlowAdmin Information: 0 : Мониторинг базы данных обновлен успешно: Транзакций в минуту: 35,99, Вставлено строк: 0,00, Обновлено строк: 0,00, Удалено строк: 0,00, Кэш-хит: 0,00%, Активных соединений: 1
    DateTime=2024-11-26T09:28:12.2339651Z
FiscalFlowAdmin Information: 0 : Мониторинг базы данных обновлен успешно: Транзакций в минуту: 35,97, Вставлено строк: 0,00, Обновлено строк: 0,00, Удалено строк: 0,00, Кэш-хит: 0,00%, Активных соединений: 1
    DateTime=2024-11-26T09:28:18.1434812Z
FiscalFlowAdmin Information: 0 : Мониторинг базы данных обновлен успешно: Транзакций в минуту: 47,95, Вставлено строк: 0,00, Обновлено строк: 0,00, Удалено строк: 0,00, Кэш-хит: 100,00%, Активных соединений: 1
    DateTime=2024-11-26T09:28:22.2441449Z
FiscalFlowAdmin Information: 0 : Мониторинг базы данных обновлен успешно: Транзакций в минуту: 47,92, Вставлено строк: 0,00, Обновлено строк: 0,00, Удалено строк: 0,00, Кэш-хит: 100,00%, Активных соединений: 1
    DateTime=2024-11-26T09:28:28.1604257Z
FiscalFlowAdmin Information: 0 : Мониторинг базы данных обновлен успешно: Транзакций в минуту: 35,96, Вставлено строк: 0,00, Обновлено строк: 0,00, Удалено строк: 0,00, Кэш-хит: 0,00%, Активных соединений: 1
    DateTime=2024-11-26T09:28:32.2564822Z
FiscalFlowAdmin Information: 0 : Мониторинг базы данных обновлен успешно: Транзакций в минуту: 35,99, Вставлено строк: 0,00, Обновлено строк: 0,00, Удалено строк: 0,00, Кэш-хит: 0,00%, Активных соединений: 1
    DateTime=2024-11-26T09:28:38.1624514Z
FiscalFlowAdmin Information: 0 : Мониторинг базы данных обновлен успешно: Транзакций в минуту: 35,97, Вставлено строк: 0,00, Обновлено строк: 0,00, Удалено строк: 0,00, Кэш-хит: 0,00%, Активных соединений: 1
    DateTime=2024-11-26T09:28:42.2634152Z
FiscalFlowAdmin Information: 0 : Мониторинг базы данных обновлен успешно: Транзакций в минуту: 35,95, Вставлено строк: 0,00, Обновлено строк: 0,00, Удалено строк: 0,00, Кэш-хит: 0,00%, Активных соединений: 1
    DateTime=2024-11-26T09:28:48.1764095Z
FiscalFlowAdmin Information: 0 : Мониторинг базы данных обновлен успешно: Транзакций в минуту: 35,95, Вставлено строк: 0,00, Обновлено строк: 0,00, Удалено строк: 0,00, Кэш-хит: 0,00%, Активных соединений: 1
    DateTime=2024-11-26T09:28:52.2777304Z
FiscalFlowAdmin Information: 0 : Мониторинг базы данных обновлен успешно: Транзакций в минуту: 35,99, Вставлено строк: 0,00, Обновлено строк: 0,00, Удалено строк: 0,00, Кэш-хит: 0,00%, Активных соединений: 1
    DateTime=2024-11-26T09:28:58.1805337Z
FiscalFlowAdmin Information: 0 : Мониторинг базы данных обновлен успешно: Транзакций в минуту: 35,94, Вставлено строк: 0,00, Обновлено строк: 0,00, Удалено строк: 0,00, Кэш-хит: 0,00%, Активных соединений: 1
    DateTime=2024-11-26T09:29:02.2938065Z
FiscalFlowAdmin Information: 0 : Мониторинг базы данных обновлен успешно: Транзакций в минуту: 35,96, Вставлено строк: 0,00, Обновлено строк: 0,00, Удалено строк: 0,00, Кэш-хит: 0,00%, Активных соединений: 1
    DateTime=2024-11-26T09:29:08.1905794Z
FiscalFlowAdmin Information: 0 : Мониторинг базы данных обновлен успешно: Транзакций в минуту: 35,96, Вставлено строк: 0,00, Обновлено строк: 0,00, Удалено строк: 0,00, Кэш-хит: 0,00%, Активных соединений: 1
    DateTime=2024-11-26T09:29:12.3037325Z
FiscalFlowAdmin Information: 0 : Мониторинг базы данных обновлен успешно: Транзакций в минуту: 35,94, Вставлено строк: 0,00, Обновлено строк: 0,00, Удалено строк: 0,00, Кэш-хит: 0,00%, Активных соединений: 1
    DateTime=2024-11-26T09:29:18.2063322Z
FiscalFlowAdmin Information: 0 : Мониторинг базы данных обновлен успешно: Транзакций в минуту: 47,98, Вставлено строк: 0,00, Обновлено строк: 0,00, Удалено строк: 0,00, Кэш-хит: 100,00%, Активных соединений: 1
    DateTime=2024-11-26T09:29:22.3087875Z
FiscalFlowAdmin Information: 0 : Мониторинг базы данных обновлен успешно: Транзакций в минуту: 47,91, Вставлено строк: 0,00, Обновлено строк: 0,00, Удалено строк: 0,00, Кэш-хит: 100,00%, Активных соединений: 1
    DateTime=2024-11-26T09:29:28.2252275Z
FiscalFlowAdmin Information: 0 : Мониторинг базы данных обновлен успешно: Транзакций в минуту: 35,96, Вставлено строк: 0,00, Обновлено строк: 0,00, Удалено строк: 0,00, Кэш-хит: 0,00%, Активных соединений: 1
    DateTime=2024-11-26T09:29:32.3197425Z
FiscalFlowAdmin Information: 0 : Мониторинг базы данных обновлен успешно: Транзакций в минуту: 35,96, Вставлено строк: 0,00, Обновлено строк: 0,00, Удалено строк: 0,00, Кэш-хит: 0,00%, Активных соединений: 1
    DateTime=2024-11-26T09:29:38.2375733Z
FiscalFlowAdmin Information: 0 : Мониторинг базы данных обновлен успешно: Транзакций в минуту: 35,97, Вставлено строк: 0,00, Обновлено строк: 0,00, Удалено строк: 0,00, Кэш-хит: 0,00%, Активных соединений: 1
    DateTime=2024-11-26T09:29:42.3286883Z
FiscalFlowAdmin Information: 0 : Мониторинг базы данных обновлен успешно: Транзакций в минуту: 35,94, Вставлено строк: 0,00, Обновлено строк: 0,00, Удалено строк: 0,00, Кэш-хит: 0,00%, Активных соединений: 1
    DateTime=2024-11-26T09:29:48.2552890Z
FiscalFlowAdmin Information: 0 : Мониторинг базы данных обновлен успешно: Транзакций в минуту: 35,98, Вставлено строк: 0,00, Обновлено строк: 0,00, Удалено строк: 0,00, Кэш-хит: 0,00%, Активных соединений: 1
    DateTime=2024-11-26T09:29:52.3355493Z
FiscalFlowAdmin Information: 0 : Мониторинг базы данных обновлен успешно: Транзакций в минуту: 35,92, Вставлено строк: 0,00, Обновлено строк: 0,00, Удалено строк: 0,00, Кэш-хит: 0,00%, Активных соединений: 1
    DateTime=2024-11-26T09:29:58.2772473Z
FiscalFlowAdmin Information: 0 : Мониторинг базы данных обновлен успешно: Транзакций в минуту: 35,98, Вставлено строк: 0,00, Обновлено строк: 0,00, Удалено строк: 0,00, Кэш-хит: 0,00%, Активных соединений: 1
    DateTime=2024-11-26T09:30:02.3408320Z
FiscalFlowAdmin Information: 0 : Мониторинг базы данных обновлен успешно: Транзакций в минуту: 35,99, Вставлено строк: 0,00, Обновлено строк: 0,00, Удалено строк: 0,00, Кэш-хит: 0,00%, Активных соединений: 1
    DateTime=2024-11-26T09:30:08.2801713Z
FiscalFlowAdmin Information: 0 : Мониторинг базы данных обновлен успешно: Транзакций в минуту: 35,99, Вставлено строк: 0,00, Обновлено строк: 0,00, Удалено строк: 0,00, Кэш-хит: 0,00%, Активных соединений: 1
    DateTime=2024-11-26T09:30:12.3447088Z
FiscalFlowAdmin Information: 0 : Мониторинг базы данных обновлен успешно: Транзакций в минуту: 35,99, Вставлено строк: 0,00, Обновлено строк: 0,00, Удалено строк: 0,00, Кэш-хит: 0,00%, Активных соединений: 1
    DateTime=2024-11-26T09:30:18.2833605Z
FiscalFlowAdmin Information: 0 : Мониторинг базы данных обновлен успешно: Транзакций в минуту: 47,95, Вставлено строк: 0,00, Обновлено строк: 0,00, Удалено строк: 0,00, Кэш-хит: 100,00%, Активных соединений: 1
    DateTime=2024-11-26T09:30:22.3561069Z
FiscalFlowAdmin Information: 0 : Мониторинг базы данных обновлен успешно: Транзакций в минуту: 47,91, Вставлено строк: 0,00, Обновлено строк: 0,00, Удалено строк: 0,00, Кэш-хит: 100,00%, Активных соединений: 1
    DateTime=2024-11-26T09:30:28.3018125Z
FiscalFlowAdmin Information: 0 : Мониторинг базы данных обновлен успешно: Транзакций в минуту: 35,98, Вставлено строк: 0,00, Обновлено строк: 0,00, Удалено строк: 0,00, Кэш-хит: 0,00%, Активных соединений: 1
    DateTime=2024-11-26T09:30:32.3602157Z
FiscalFlowAdmin Information: 0 : Мониторинг базы данных обновлен успешно: Транзакций в минуту: 35,95, Вставлено строк: 0,00, Обновлено строк: 0,00, Удалено строк: 0,00, Кэш-хит: 0,00%, Активных соединений: 1
    DateTime=2024-11-26T09:30:38.3160088Z
FiscalFlowAdmin Information: 0 : Мониторинг базы данных обновлен успешно: Транзакций в минуту: 35,97, Вставлено строк: 0,00, Обновлено строк: 0,00, Удалено строк: 0,00, Кэш-хит: 0,00%, Активных соединений: 1
    DateTime=2024-11-26T09:30:42.3689023Z
FiscalFlowAdmin Information: 0 : Мониторинг базы данных обновлен успешно: Транзакций в минуту: 35,96, Вставлено строк: 0,00, Обновлено строк: 0,00, Удалено строк: 0,00, Кэш-хит: 0,00%, Активных соединений: 1
    DateTime=2024-11-26T09:30:48.3282168Z
FiscalFlowAdmin Information: 0 : Мониторинг базы данных обновлен успешно: Транзакций в минуту: 35,98, Вставлено строк: 0,00, Обновлено строк: 0,00, Удалено строк: 0,00, Кэш-хит: 0,00%, Активных соединений: 1
    DateTime=2024-11-26T09:30:52.3747455Z
FiscalFlowAdmin Information: 0 : Мониторинг базы данных обновлен успешно: Транзакций в минуту: 35,89, Вставлено строк: 0,00, Обновлено строк: 0,00, Удалено строк: 0,00, Кэш-хит: 0,00%, Активных соединений: 1
    DateTime=2024-11-26T09:30:58.3596905Z
FiscalFlowAdmin Information: 0 : Мониторинг базы данных обновлен успешно: Транзакций в минуту: 35,95, Вставлено строк: 0,00, Обновлено строк: 0,00, Удалено строк: 0,00, Кэш-хит: 0,00%, Активных соединений: 1
    DateTime=2024-11-26T09:31:02.3876338Z
FiscalFlowAdmin Information: 0 : Мониторинг базы данных обновлен успешно: Транзакций в минуту: 34,95, Вставлено строк: 0,00, Обновлено строк: 0,00, Удалено строк: 0,00, Кэш-хит: 100,00%, Активных соединений: 1
    DateTime=2024-11-26T09:31:08.6613061Z
FiscalFlowAdmin Information: 0 : Мониторинг базы данных обновлен успешно: Транзакций в минуту: 35,95, Вставлено строк: 0,00, Обновлено строк: 0,00, Удалено строк: 0,00, Кэш-хит: 100,00%, Активных соединений: 1
    DateTime=2024-11-26T09:31:12.4009903Z
FiscalFlowAdmin Information: 0 : Мониторинг базы данных обновлен успешно: Транзакций в минуту: 47,94, Вставлено строк: 0,00, Обновлено строк: 0,00, Удалено строк: 0,00, Кэш-хит: 100,00%, Активных соединений: 1
    DateTime=2024-11-26T09:31:18.6729361Z
FiscalFlowAdmin Information: 0 : Мониторинг базы данных обновлен успешно: Транзакций в минуту: 47,93, Вставлено строк: 0,00, Обновлено строк: 0,00, Удалено строк: 0,00, Кэш-хит: 100,00%, Активных соединений: 1
    DateTime=2024-11-26T09:31:22.4154110Z
FiscalFlowAdmin Information: 0 : Мониторинг базы данных обновлен успешно: Транзакций в минуту: 35,94, Вставлено строк: 0,00, Обновлено строк: 0,00, Удалено строк: 0,00, Кэш-хит: 0,00%, Активных соединений: 1
    DateTime=2024-11-26T09:31:28.6883037Z
FiscalFlowAdmin Information: 0 : Мониторинг базы данных обновлен успешно: Транзакций в минуту: 35,94, Вставлено строк: 0,00, Обновлено строк: 0,00, Удалено строк: 0,00, Кэш-хит: 0,00%, Активных соединений: 1
    DateTime=2024-11-26T09:31:32.4313418Z
FiscalFlowAdmin Information: 0 : Мониторинг базы данных обновлен успешно: Транзакций в минуту: 35,90, Вставлено строк: 0,00, Обновлено строк: 0,00, Удалено строк: 0,00, Кэш-хит: 0,00%, Активных соединений: 1
    DateTime=2024-11-26T09:31:38.7154481Z
FiscalFlowAdmin Information: 0 : Мониторинг базы данных обновлен успешно: Транзакций в минуту: 35,93, Вставлено строк: 0,00, Обновлено строк: 0,00, Удалено строк: 0,00, Кэш-хит: 0,00%, Активных соединений: 1
    DateTime=2024-11-26T09:31:42.4506192Z
FiscalFlowAdmin Information: 0 : Мониторинг базы данных обновлен успешно: Транзакций в минуту: 35,91, Вставлено строк: 0,00, Обновлено строк: 0,00, Удалено строк: 0,00, Кэш-хит: 0,00%, Активных соединений: 1
    DateTime=2024-11-26T09:31:48.7398304Z
FiscalFlowAdmin Information: 0 : Мониторинг базы данных обновлен успешно: Транзакций в минуту: 35,88, Вставлено строк: 0,00, Обновлено строк: 0,00, Удалено строк: 0,00, Кэш-хит: 0,00%, Активных соединений: 1
    DateTime=2024-11-26T09:31:52.4838405Z
FiscalFlowAdmin Information: 0 : Мониторинг базы данных обновлен успешно: Транзакций в минуту: 35,97, Вставлено строк: 0,00, Обновлено строк: 0,00, Удалено строк: 0,00, Кэш-хит: 0,00%, Активных соединений: 1
    DateTime=2024-11-26T09:31:58.7469681Z
FiscalFlowAdmin Information: 0 : Мониторинг базы данных обновлен успешно: Транзакций в минуту: 35,94, Вставлено строк: 0,00, Обновлено строк: 0,00, Удалено строк: 0,00, Кэш-хит: 0,00%, Активных соединений: 1
    DateTime=2024-11-26T09:32:02.5010932Z
FiscalFlowAdmin Information: 0 : Мониторинг базы данных обновлен успешно: Транзакций в минуту: 35,98, Вставлено строк: 0,00, Обновлено строк: 0,00, Удалено строк: 0,00, Кэш-хит: 0,00%, Активных соединений: 1
    DateTime=2024-11-26T09:32:08.7536183Z
FiscalFlowAdmin Information: 0 : Мониторинг базы данных обновлен успешно: Транзакций в минуту: 35,93, Вставлено строк: 0,00, Обновлено строк: 0,00, Удалено строк: 0,00, Кэш-хит: 0,00%, Активных соединений: 1
    DateTime=2024-11-26T09:32:12.5217486Z
FiscalFlowAdmin Information: 0 : Мониторинг базы данных обновлен успешно: Транзакций в минуту: 47,93, Вставлено строк: 0,00, Обновлено строк: 0,00, Удалено строк: 0,00, Кэш-хит: 100,00%, Активных соединений: 1
    DateTime=2024-11-26T09:32:18.7689326Z
FiscalFlowAdmin Information: 0 : Мониторинг базы данных обновлен успешно: Транзакций в минуту: 47,91, Вставлено строк: 0,00, Обновлено строк: 0,00, Удалено строк: 0,00, Кэш-хит: 100,00%, Активных соединений: 1
    DateTime=2024-11-26T09:32:22.5399579Z
FiscalFlowAdmin Information: 0 : Мониторинг базы данных обновлен успешно: Транзакций в минуту: 35,94, Вставлено строк: 0,00, Обновлено строк: 0,00, Удалено строк: 0,00, Кэш-хит: 0,00%, Активных соединений: 1
    DateTime=2024-11-26T09:32:28.7863522Z
FiscalFlowAdmin Information: 0 : Мониторинг базы данных обновлен успешно: Транзакций в минуту: 35,93, Вставлено строк: 0,00, Обновлено строк: 0,00, Удалено строк: 0,00, Кэш-хит: 0,00%, Активных соединений: 1
    DateTime=2024-11-26T09:32:32.5594499Z
FiscalFlowAdmin Information: 0 : Мониторинг базы данных обновлен успешно: Транзакций в минуту: 35,99, Вставлено строк: 0,00, Обновлено строк: 0,00, Удалено строк: 0,00, Кэш-хит: 0,00%, Активных соединений: 1
    DateTime=2024-11-26T09:32:38.7904774Z
FiscalFlowAdmin Information: 0 : Мониторинг базы данных обновлен успешно: Транзакций в минуту: 35,95, Вставлено строк: 0,00, Обновлено строк: 0,00, Удалено строк: 0,00, Кэш-хит: 0,00%, Активных соединений: 1
    DateTime=2024-11-26T09:32:42.5723423Z
FiscalFlowAdmin Information: 0 : Мониторинг базы данных обновлен успешно: Транзакций в минуту: 35,97, Вставлено строк: 0,00, Обновлено строк: 0,00, Удалено строк: 0,00, Кэш-хит: 0,00%, Активных соединений: 1
    DateTime=2024-11-26T09:32:48.7977019Z
FiscalFlowAdmin Information: 0 : Мониторинг базы данных обновлен успешно: Транзакций в минуту: 35,94, Вставлено строк: 0,00, Обновлено строк: 0,00, Удалено строк: 0,00, Кэш-хит: 0,00%, Активных соединений: 1
    DateTime=2024-11-26T09:32:52.5889970Z
FiscalFlowAdmin Information: 0 : Мониторинг базы данных обновлен успешно: Транзакций в минуту: 35,96, Вставлено строк: 0,00, Обновлено строк: 0,00, Удалено строк: 0,00, Кэш-хит: 0,00%, Активных соединений: 1
    DateTime=2024-11-26T09:32:58.8089473Z
FiscalFlowAdmin Information: 0 : Мониторинг базы данных обновлен успешно: Транзакций в минуту: 35,96, Вставлено строк: 0,00, Обновлено строк: 0,00, Удалено строк: 0,00, Кэш-хит: 0,00%, Активных соединений: 1
    DateTime=2024-11-26T09:33:02.6009113Z
FiscalFlowAdmin Information: 0 : Мониторинг базы данных обновлен успешно: Транзакций в минуту: 35,94, Вставлено строк: 0,00, Обновлено строк: 0,00, Удалено строк: 0,00, Кэш-хит: 0,00%, Активных соединений: 1
    DateTime=2024-11-26T09:33:08.8242478Z
FiscalFlowAdmin Information: 0 : Мониторинг базы данных обновлен успешно: Транзакций в минуту: 35,94, Вставлено строк: 0,00, Обновлено строк: 0,00, Удалено строк: 0,00, Кэш-хит: 0,00%, Активных соединений: 1
    DateTime=2024-11-26T09:33:12.6175375Z
FiscalFlowAdmin Information: 0 : Мониторинг базы данных обновлен успешно: Транзакций в минуту: 47,94, Вставлено строк: 0,00, Обновлено строк: 0,00, Удалено строк: 0,00, Кэш-хит: 100,00%, Активных соединений: 1
    DateTime=2024-11-26T09:33:18.8374566Z
FiscalFlowAdmin Information: 0 : Мониторинг базы данных обновлен успешно: Транзакций в минуту: 47,93, Вставлено строк: 0,00, Обновлено строк: 0,00, Удалено строк: 0,00, Кэш-хит: 100,00%, Активных соединений: 1
    DateTime=2024-11-26T09:33:22.6326059Z
FiscalFlowAdmin Information: 0 : Мониторинг базы данных обновлен успешно: Транзакций в минуту: 35,97, Вставлено строк: 0,00, Обновлено строк: 0,00, Удалено строк: 0,00, Кэш-хит: 0,00%, Активных соединений: 1
    DateTime=2024-11-26T09:33:28.8467242Z
FiscalFlowAdmin Information: 0 : Мониторинг базы данных обновлен успешно: Транзакций в минуту: 35,97, Вставлено строк: 0,00, Обновлено строк: 0,00, Удалено строк: 0,00, Кэш-хит: 0,00%, Активных соединений: 1
    DateTime=2024-11-26T09:33:32.6421326Z
FiscalFlowAdmin Information: 0 : Мониторинг базы данных обновлен успешно: Транзакций в минуту: 35,95, Вставлено строк: 0,00, Обновлено строк: 0,00, Удалено строк: 0,00, Кэш-хит: 0,00%, Активных соединений: 1
    DateTime=2024-11-26T09:33:38.8597971Z
FiscalFlowAdmin Information: 0 : Мониторинг базы данных обновлен успешно: Транзакций в минуту: 35,96, Вставлено строк: 0,00, Обновлено строк: 0,00, Удалено строк: 0,00, Кэш-хит: 0,00%, Активных соединений: 1
    DateTime=2024-11-26T09:33:42.6542241Z
FiscalFlowAdmin Information: 0 : Мониторинг базы данных обновлен успешно: Транзакций в минуту: 35,95, Вставлено строк: 0,00, Обновлено строк: 0,00, Удалено строк: 0,00, Кэш-хит: 0,00%, Активных соединений: 1
    DateTime=2024-11-26T09:33:48.8740964Z
FiscalFlowAdmin Information: 0 : Мониторинг базы данных обновлен успешно: Транзакций в минуту: 35,96, Вставлено строк: 0,00, Обновлено строк: 0,00, Удалено строк: 0,00, Кэш-хит: 0,00%, Активных соединений: 1
    DateTime=2024-11-26T09:33:52.6665540Z
FiscalFlowAdmin Information: 0 : Мониторинг базы данных обновлен успешно: Транзакций в минуту: 35,94, Вставлено строк: 0,00, Обновлено строк: 0,00, Удалено строк: 0,00, Кэш-хит: 0,00%, Активных соединений: 1
    DateTime=2024-11-26T09:33:58.8914195Z
FiscalFlowAdmin Information: 0 : Мониторинг базы данных обновлен успешно: Транзакций в минуту: 35,96, Вставлено строк: 0,00, Обновлено строк: 0,00, Удалено строк: 0,00, Кэш-хит: 0,00%, Активных соединений: 1
    DateTime=2024-11-26T09:34:02.6777487Z
FiscalFlowAdmin Information: 0 : Мониторинг базы данных обновлен успешно: Транзакций в минуту: 35,95, Вставлено строк: 0,00, Обновлено строк: 0,00, Удалено строк: 0,00, Кэш-хит: 0,00%, Активных соединений: 1
    DateTime=2024-11-26T09:34:08.9054668Z
FiscalFlowAdmin Information: 0 : Мониторинг базы данных обновлен успешно: Транзакций в минуту: 35,93, Вставлено строк: 0,00, Обновлено строк: 0,00, Удалено строк: 0,00, Кэш-хит: 0,00%, Активных соединений: 1
    DateTime=2024-11-26T09:34:12.6981328Z
FiscalFlowAdmin Information: 0 : Мониторинг базы данных обновлен успешно: Транзакций в минуту: 47,97, Вставлено строк: 0,00, Обновлено строк: 0,00, Удалено строк: 0,00, Кэш-хит: 100,00%, Активных соединений: 1
    DateTime=2024-11-26T09:34:18.9120505Z
FiscalFlowAdmin Information: 0 : Мониторинг базы данных обновлен успешно: Транзакций в минуту: 47,93, Вставлено строк: 0,00, Обновлено строк: 0,00, Удалено строк: 0,00, Кэш-хит: 100,00%, Активных соединений: 1
    DateTime=2024-11-26T09:34:22.7136156Z
FiscalFlowAdmin Information: 0 : Мониторинг базы данных обновлен успешно: Транзакций в минуту: 35,94, Вставлено строк: 0,00, Обновлено строк: 0,00, Удалено строк: 0,00, Кэш-хит: 0,00%, Активных соединений: 1
    DateTime=2024-11-26T09:34:28.9287191Z
FiscalFlowAdmin Information: 0 : Мониторинг базы данных обновлен успешно: Транзакций в минуту: 35,95, Вставлено строк: 0,00, Обновлено строк: 0,00, Удалено строк: 0,00, Кэш-хит: 0,00%, Активных соединений: 1
    DateTime=2024-11-26T09:34:32.7265272Z
FiscalFlowAdmin Information: 0 : Мониторинг базы данных обновлен успешно: Транзакций в минуту: 35,97, Вставлено строк: 0,00, Обновлено строк: 0,00, Удалено строк: 0,00, Кэш-хит: 0,00%, Активных соединений: 1
    DateTime=2024-11-26T09:34:38.9383229Z
FiscalFlowAdmin Information: 0 : Мониторинг базы данных обновлен успешно: Транзакций в минуту: 35,95, Вставлено строк: 0,00, Обновлено строк: 0,00, Удалено строк: 0,00, Кэш-хит: 0,00%, Активных соединений: 1
    DateTime=2024-11-26T09:34:42.7390732Z
FiscalFlowAdmin Information: 0 : Мониторинг базы данных обновлен успешно: Транзакций в минуту: 35,93, Вставлено строк: 0,00, Обновлено строк: 0,00, Удалено строк: 0,00, Кэш-хит: 0,00%, Активных соединений: 1
    DateTime=2024-11-26T09:34:48.9572211Z
FiscalFlowAdmin Information: 0 : Мониторинг базы данных обновлен успешно: Транзакций в минуту: 35,94, Вставлено строк: 0,00, Обновлено строк: 0,00, Удалено строк: 0,00, Кэш-хит: 0,00%, Активных соединений: 1
    DateTime=2024-11-26T09:34:52.7555506Z
FiscalFlowAdmin Information: 0 : Мониторинг базы данных обновлен успешно: Транзакций в минуту: 35,93, Вставлено строк: 0,00, Обновлено строк: 0,00, Удалено строк: 0,00, Кэш-хит: 0,00%, Активных соединений: 1
    DateTime=2024-11-26T09:34:58.9766223Z
FiscalFlowAdmin Information: 0 : Мониторинг базы данных обновлен успешно: Транзакций в минуту: 35,91, Вставлено строк: 0,00, Обновлено строк: 0,00, Удалено строк: 0,00, Кэш-хит: 0,00%, Активных соединений: 1
    DateTime=2024-11-26T09:35:02.7826284Z
FiscalFlowAdmin Information: 0 : Мониторинг базы данных обновлен успешно: Транзакций в минуту: 35,98, Вставлено строк: 0,00, Обновлено строк: 0,00, Удалено строк: 0,00, Кэш-хит: 0,00%, Активных соединений: 1
    DateTime=2024-11-26T09:35:08.9811031Z
FiscalFlowAdmin Information: 0 : Мониторинг базы данных обновлен успешно: Транзакций в минуту: 35,93, Вставлено строк: 0,00, Обновлено строк: 0,00, Удалено строк: 0,00, Кэш-хит: 0,00%, Активных соединений: 1
    DateTime=2024-11-26T09:35:12.8010950Z
FiscalFlowAdmin Information: 0 : Мониторинг базы данных обновлен успешно: Транзакций в минуту: 47,92, Вставлено строк: 0,00, Обновлено строк: 0,00, Удалено строк: 0,00, Кэш-хит: 100,00%, Активных соединений: 1
    DateTime=2024-11-26T09:35:18.9968793Z
FiscalFlowAdmin Information: 0 : Мониторинг базы данных обновлен успешно: Транзакций в минуту: 47,91, Вставлено строк: 0,00, Обновлено строк: 0,00, Удалено строк: 0,00, Кэш-хит: 100,00%, Активных соединений: 1
    DateTime=2024-11-26T09:35:22.8192530Z
FiscalFlowAdmin Information: 0 : Мониторинг базы данных обновлен успешно: Транзакций в минуту: 35,97, Вставлено строк: 0,00, Обновлено строк: 0,00, Удалено строк: 0,00, Кэш-хит: 0,00%, Активных соединений: 1
    DateTime=2024-11-26T09:35:29.0042309Z
FiscalFlowAdmin Information: 0 : Мониторинг базы данных обновлен успешно: Транзакций в минуту: 35,97, Вставлено строк: 0,00, Обновлено строк: 0,00, Удалено строк: 0,00, Кэш-хит: 0,00%, Активных соединений: 1
    DateTime=2024-11-26T09:35:32.8271248Z
FiscalFlowAdmin Information: 0 : Мониторинг базы данных обновлен успешно: Транзакций в минуту: 35,98, Вставлено строк: 0,00, Обновлено строк: 0,00, Удалено строк: 0,00, Кэш-хит: 0,00%, Активных соединений: 1
    DateTime=2024-11-26T09:35:39.0091317Z
FiscalFlowAdmin Information: 0 : Мониторинг базы данных обновлен успешно: Транзакций в минуту: 35,99, Вставлено строк: 0,00, Обновлено строк: 0,00, Удалено строк: 0,00, Кэш-хит: 0,00%, Активных соединений: 1
    DateTime=2024-11-26T09:35:42.8296398Z
FiscalFlowAdmin Information: 0 : Мониторинг базы данных обновлен успешно: Транзакций в минуту: 35,94, Вставлено строк: 0,00, Обновлено строк: 0,00, Удалено строк: 0,00, Кэш-хит: 0,00%, Активных соединений: 1
    DateTime=2024-11-26T09:35:49.0267905Z
FiscalFlowAdmin Information: 0 : Мониторинг базы данных обновлен успешно: Транзакций в минуту: 35,92, Вставлено строк: 0,00, Обновлено строк: 0,00, Удалено строк: 0,00, Кэш-хит: 0,00%, Активных соединений: 1
    DateTime=2024-11-26T09:35:52.8513076Z
FiscalFlowAdmin Information: 0 : Мониторинг базы данных обновлен успешно: Транзакций в минуту: 35,92, Вставлено строк: 0,00, Обновлено строк: 0,00, Удалено строк: 0,00, Кэш-хит: 0,00%, Активных соединений: 1
    DateTime=2024-11-26T09:35:59.0488474Z
FiscalFlowAdmin Information: 0 : Мониторинг базы данных обновлен успешно: Транзакций в минуту: 35,94, Вставлено строк: 0,00, Обновлено строк: 0,00, Удалено строк: 0,00, Кэш-хит: 0,00%, Активных соединений: 1
    DateTime=2024-11-26T09:36:02.8683295Z
FiscalFlowAdmin Information: 0 : Мониторинг базы данных обновлен успешно: Транзакций в минуту: 35,58, Вставлено строк: 0,00, Обновлено строк: 0,00, Удалено строк: 0,00, Кэш-хит: 100,00%, Активных соединений: 1
    DateTime=2024-11-26T09:36:09.1658737Z
FiscalFlowAdmin Information: 0 : Мониторинг базы данных обновлен успешно: Транзакций в минуту: 35,99, Вставлено строк: 0,00, Обновлено строк: 0,00, Удалено строк: 0,00, Кэш-хит: 100,00%, Активных соединений: 1
    DateTime=2024-11-26T09:36:12.8718238Z
FiscalFlowAdmin Information: 0 : Мониторинг базы данных обновлен успешно: Транзакций в минуту: 47,99, Вставлено строк: 0,00, Обновлено строк: 0,00, Удалено строк: 0,00, Кэш-хит: 100,00%, Активных соединений: 1
    DateTime=2024-11-26T09:36:19.1685865Z
FiscalFlowAdmin Information: 0 : Мониторинг базы данных обновлен успешно: Транзакций в минуту: 47,98, Вставлено строк: 0,00, Обновлено строк: 0,00, Удалено строк: 0,00, Кэш-хит: 100,00%, Активных соединений: 1
    DateTime=2024-11-26T09:36:22.8757058Z
FiscalFlowAdmin Information: 0 : Мониторинг базы данных обновлен успешно: Транзакций в минуту: 35,98, Вставлено строк: 0,00, Обновлено строк: 0,00, Удалено строк: 0,00, Кэш-хит: 0,00%, Активных соединений: 1
    DateTime=2024-11-26T09:36:29.1742224Z
FiscalFlowAdmin Information: 0 : Мониторинг базы данных обновлен успешно: Транзакций в минуту: 35,97, Вставлено строк: 0,00, Обновлено строк: 0,00, Удалено строк: 0,00, Кэш-хит: 0,00%, Активных соединений: 1
    DateTime=2024-11-26T09:36:32.8831324Z
FiscalFlowAdmin Information: 0 : Мониторинг базы данных обновлен успешно: Транзакций в минуту: 35,98, Вставлено строк: 0,00, Обновлено строк: 0,00, Удалено строк: 0,00, Кэш-хит: 0,00%, Активных соединений: 1
    DateTime=2024-11-26T09:36:39.1797349Z
FiscalFlowAdmin Information: 0 : Мониторинг базы данных обновлен успешно: Транзакций в минуту: 35,94, Вставлено строк: 0,00, Обновлено строк: 0,00, Удалено строк: 0,00, Кэш-хит: 0,00%, Активных соединений: 1
    DateTime=2024-11-26T09:36:42.8992853Z
Получено 5 элементов из репозитория 'User'.
DisplayMemberPath: Email
ComboBox 'User' настроен с 5 элементами.
FiscalFlowAdmin Information: 0 : Мониторинг базы данных обновлен успешно: Транзакций в минуту: 35,97, Вставлено строк: 0,00, Обновлено строк: 0,00, Удалено строк: 0,00, Кэш-хит: 0,00%, Активных соединений: 1
    DateTime=2024-11-26T09:36:49.1874483Z
FiscalFlowAdmin Information: 0 : Мониторинг базы данных обновлен успешно: Транзакций в минуту: 35,98, Вставлено строк: 0,00, Обновлено строк: 0,00, Удалено строк: 0,00, Кэш-хит: 0,00%, Активных соединений: 1
    DateTime=2024-11-26T09:36:52.9058752Z
FiscalFlowAdmin Information: 0 : Мониторинг базы данных обновлен успешно: Транзакций в минуту: 35,96, Вставлено строк: 0,00, Обновлено строк: 0,00, Удалено строк: 0,00, Кэш-хит: 0,00%, Активных соединений: 1
    DateTime=2024-11-26T09:36:59.1993929Z
FiscalFlowAdmin Information: 0 : Мониторинг базы данных обновлен успешно: Транзакций в минуту: 35,90, Вставлено строк: 0,00, Обновлено строк: 0,00, Удалено строк: 0,00, Кэш-хит: 0,00%, Активных соединений: 1
    DateTime=2024-11-26T09:37:02.9343490Z
FiscalFlowAdmin Information: 0 : Мониторинг базы данных обновлен успешно: Транзакций в минуту: 35,97, Вставлено строк: 0,00, Обновлено строк: 0,00, Удалено строк: 0,00, Кэш-хит: 0,00%, Активных соединений: 1
    DateTime=2024-11-26T09:37:09.2081745Z
FiscalFlowAdmin Information: 0 : Мониторинг базы данных обновлен успешно: Транзакций в минуту: 35,97, Вставлено строк: 0,00, Обновлено строк: 0,00, Удалено строк: 0,00, Кэш-хит: 0,00%, Активных соединений: 1
    DateTime=2024-11-26T09:37:12.9419770Z
FiscalFlowAdmin Information: 0 : Мониторинг базы данных обновлен успешно: Транзакций в минуту: 47,98, Вставлено строк: 0,00, Обновлено строк: 0,00, Удалено строк: 0,00, Кэш-хит: 100,00%, Активных соединений: 1
    DateTime=2024-11-26T09:37:19.2126417Z
FiscalFlowAdmin Information: 0 : Мониторинг базы данных обновлен успешно: Транзакций в минуту: 47,97, Вставлено строк: 0,00, Обновлено строк: 0,00, Удалено строк: 0,00, Кэш-хит: 100,00%, Активных соединений: 1
    DateTime=2024-11-26T09:37:22.9488856Z
FiscalFlowAdmin Information: 0 : Мониторинг базы данных обновлен успешно: Транзакций в минуту: 35,94, Вставлено строк: 0,00, Обновлено строк: 0,00, Удалено строк: 0,00, Кэш-хит: 0,00%, Активных соединений: 1
    DateTime=2024-11-26T09:37:29.2294951Z
FiscalFlowAdmin Information: 0 : Мониторинг базы данных обновлен успешно: Транзакций в минуту: 35,97, Вставлено строк: 0,00, Обновлено строк: 0,00, Удалено строк: 0,00, Кэш-хит: 0,00%, Активных соединений: 1
    DateTime=2024-11-26T09:37:32.9582396Z
FiscalFlowAdmin Information: 0 : Мониторинг базы данных обновлен успешно: Транзакций в минуту: 35,98, Вставлено строк: 0,00, Обновлено строк: 0,00, Удалено строк: 0,00, Кэш-хит: 0,00%, Активных соединений: 1
    DateTime=2024-11-26T09:37:39.2363762Z
FiscalFlowAdmin Information: 0 : Мониторинг базы данных обновлен успешно: Транзакций в минуту: 35,94, Вставлено строк: 0,00, Обновлено строк: 0,00, Удалено строк: 0,00, Кэш-хит: 0,00%, Активных соединений: 1
    DateTime=2024-11-26T09:37:42.9754815Z
FiscalFlowAdmin Information: 0 : Мониторинг базы данных обновлен успешно: Транзакций в минуту: 35,98, Вставлено строк: 0,00, Обновлено строк: 0,00, Удалено строк: 0,00, Кэш-хит: 0,00%, Активных соединений: 1
    DateTime=2024-11-26T09:37:49.2431900Z
FiscalFlowAdmin Information: 0 : Мониторинг базы данных обновлен успешно: Транзакций в минуту: 35,94, Вставлено строк: 0,00, Обновлено строк: 0,00, Удалено строк: 0,00, Кэш-хит: 0,00%, Активных соединений: 1
    DateTime=2024-11-26T09:37:52.9916370Z
FiscalFlowAdmin Information: 0 : Мониторинг базы данных обновлен успешно: Транзакций в минуту: 35,93, Вставлено строк: 0,00, Обновлено строк: 0,00, Удалено строк: 0,00, Кэш-хит: 0,00%, Активных соединений: 1
    DateTime=2024-11-26T09:37:59.2630977Z
FiscalFlowAdmin Information: 0 : Мониторинг базы данных обновлен успешно: Транзакций в минуту: 35,93, Вставлено строк: 0,00, Обновлено строк: 0,00, Удалено строк: 0,00, Кэш-хит: 0,00%, Активных соединений: 1
    DateTime=2024-11-26T09:38:03.0116569Z
FiscalFlowAdmin Information: 0 : Мониторинг базы данных обновлен успешно: Транзакций в минуту: 35,99, Вставлено строк: 0,00, Обновлено строк: 0,00, Удалено строк: 0,00, Кэш-хит: 0,00%, Активных соединений: 1
    DateTime=2024-11-26T09:38:09.2659506Z
FiscalFlowAdmin Information: 0 : Мониторинг базы данных обновлен успешно: Транзакций в минуту: 35,94, Вставлено строк: 0,00, Обновлено строк: 0,00, Удалено строк: 0,00, Кэш-хит: 0,00%, Активных соединений: 1
    DateTime=2024-11-26T09:38:13.0288428Z
FiscalFlowAdmin Information: 0 : Мониторинг базы данных обновлен успешно: Транзакций в минуту: 47,91, Вставлено строк: 0,00, Обновлено строк: 0,00, Удалено строк: 0,00, Кэш-хит: 100,00%, Активных соединений: 1
    DateTime=2024-11-26T09:38:19.2848896Z
FiscalFlowAdmin Information: 0 : Мониторинг базы данных обновлен успешно: Транзакций в минуту: 47,91, Вставлено строк: 0,00, Обновлено строк: 0,00, Удалено строк: 0,00, Кэш-хит: 100,00%, Активных соединений: 1
    DateTime=2024-11-26T09:38:23.0468779Z
FiscalFlowAdmin Information: 0 : Мониторинг базы данных обновлен успешно: Транзакций в минуту: 35,97, Вставлено строк: 0,00, Обновлено строк: 0,00, Удалено строк: 0,00, Кэш-хит: 0,00%, Активных соединений: 1
    DateTime=2024-11-26T09:38:29.2925883Z
FiscalFlowAdmin Information: 0 : Мониторинг базы данных обновлен успешно: Транзакций в минуту: 35,92, Вставлено строк: 0,00, Обновлено строк: 0,00, Удалено строк: 0,00, Кэш-хит: 0,00%, Активных соединений: 1
    DateTime=2024-11-26T09:38:33.0698540Z
FiscalFlowAdmin Information: 0 : Мониторинг базы данных обновлен успешно: Транзакций в минуту: 35,99, Вставлено строк: 0,00, Обновлено строк: 0,00, Удалено строк: 0,00, Кэш-хит: 0,00%, Активных соединений: 1
    DateTime=2024-11-26T09:38:39.2943646Z
FiscalFlowAdmin Information: 0 : Мониторинг базы данных обновлен успешно: Транзакций в минуту: 35,96, Вставлено строк: 0,00, Обновлено строк: 0,00, Удалено строк: 0,00, Кэш-хит: 0,00%, Активных соединений: 1
    DateTime=2024-11-26T09:38:43.0815368Z
FiscalFlowAdmin Information: 0 : Мониторинг базы данных обновлен успешно: Транзакций в минуту: 35,98, Вставлено строк: 0,00, Обновлено строк: 0,00, Удалено строк: 0,00, Кэш-хит: 0,00%, Активных соединений: 1
    DateTime=2024-11-26T09:38:49.3005712Z
FiscalFlowAdmin Information: 0 : Мониторинг базы данных обновлен успешно: Транзакций в минуту: 35,96, Вставлено строк: 0,00, Обновлено строк: 0,00, Удалено строк: 0,00, Кэш-хит: 0,00%, Активных соединений: 1
    DateTime=2024-11-26T09:38:53.0916776Z
FiscalFlowAdmin Information: 0 : Данные для диаграмм загружены успешно.
    DateTime=2024-11-26T09:38:55.5954713Z
