FiscalFlowAdmin Information: 0 : Логирование настроено успешно.
    DateTime=2024-12-13T07:52:53.0156555Z
FiscalFlowAdmin Information: 0 : Инициализация предыдущих метрик мониторинга завершена.
    DateTime=2024-12-13T07:52:53.0237558Z
FiscalFlowAdmin Information: 0 : Мониторинг базы данных обновлен успешно: Транзакций в минуту: 0,00, Вставлено строк: 0,00, Обновлено строк: 0,00, Удалено строк: 0,00, Кэш-хит: 0,00%, Активных соединений: 2
    DateTime=2024-12-13T07:52:53.0840648Z
FiscalFlowAdmin Information: 0 : Мониторинг базы данных обновлен успешно: Транзакций в минуту: 71,91, Вставлено строк: 0,00, Обновлено строк: 0,00, Удалено строк: 0,00, Кэш-хит: 100,00%, Активных соединений: 2
    DateTime=2024-12-13T07:52:59.3049340Z
FiscalFlowAdmin Information: 0 : Мониторинг базы данных обновлен успешно: Транзакций в минуту: 71,39, Вставлено строк: 0,00, Обновлено строк: 0,00, Удалено строк: 0,00, Кэш-хит: 100,00%, Активных соединений: 2
    DateTime=2024-12-13T07:53:03.1700085Z
FiscalFlowAdmin Information: 0 : Мониторинг базы данных обновлен успешно: Транзакций в минуту: 35,97, Вставлено строк: 0,00, Обновлено строк: 0,00, Удалено строк: 0,00, Кэш-хит: 0,00%, Активных соединений: 2
    DateTime=2024-12-13T07:53:09.3132267Z
FiscalFlowAdmin Information: 0 : Экспорт таблицы authentication_user в CSV завершен.
    DateTime=2024-12-13T07:53:12.5004278Z
FiscalFlowAdmin Information: 0 : Экспорт таблицы authentication_profile в CSV завершен.
    DateTime=2024-12-13T07:53:12.5015147Z
FiscalFlowAdmin Information: 0 : Экспорт таблицы authentication_devicetoken в CSV завершен.
    DateTime=2024-12-13T07:53:12.5032903Z
FiscalFlowAdmin Information: 0 : Экспорт таблицы finances_app_bill в CSV завершен.
    DateTime=2024-12-13T07:53:12.5047513Z
FiscalFlowAdmin Information: 0 : Экспорт таблицы finances_app_credit в CSV завершен.
    DateTime=2024-12-13T07:53:12.5061942Z
FiscalFlowAdmin Information: 0 : Экспорт таблицы finances_app_currency в CSV завершен.
    DateTime=2024-12-13T07:53:12.5084599Z
FiscalFlowAdmin Information: 0 : Экспорт таблицы finances_app_dailycategoryexpense в CSV завершен.
    DateTime=2024-12-13T07:53:12.5095936Z
FiscalFlowAdmin Information: 0 : Экспорт таблицы finances_app_dailyreport в CSV завершен.
    DateTime=2024-12-13T07:53:12.5107023Z
FiscalFlowAdmin Information: 0 : Экспорт таблицы finances_app_debt в CSV завершен.
    DateTime=2024-12-13T07:53:12.5116578Z
FiscalFlowAdmin Information: 0 : Экспорт таблицы finances_app_monthlyexpense в CSV завершен.
    DateTime=2024-12-13T07:53:12.5129711Z
FiscalFlowAdmin Information: 0 : Экспорт таблицы finances_app_rate в CSV завершен.
    DateTime=2024-12-13T07:53:12.5143774Z
FiscalFlowAdmin Information: 0 : Экспорт таблицы finances_app_transaction в CSV завершен.
    DateTime=2024-12-13T07:53:12.5198275Z
FiscalFlowAdmin Information: 0 : Экспорт таблицы finances_app_transactioncategory в CSV завершен.
    DateTime=2024-12-13T07:53:12.5215325Z
FiscalFlowAdmin Information: 0 : Мониторинг базы данных обновлен успешно: Транзакций в минуту: 35,96, Вставлено строк: 0,00, Обновлено строк: 0,00, Удалено строк: 0,00, Кэш-хит: 0,00%, Активных соединений: 2
    DateTime=2024-12-13T07:53:13.1824486Z
FiscalFlowAdmin Information: 0 : Экспорт в CSV успешно завершен.
    DateTime=2024-12-13T07:53:13.7598050Z
FiscalFlowAdmin Information: 0 : Мониторинг базы данных обновлен успешно: Транзакций в минуту: 119,84, Вставлено строк: 0,00, Обновлено строк: 0,00, Удалено строк: 0,00, Кэш-хит: 100,00%, Активных соединений: 2
    DateTime=2024-12-13T07:53:19.3262922Z
FiscalFlowAdmin Information: 0 : Мониторинг базы данных обновлен успешно: Транзакций в минуту: 119,88, Вставлено строк: 0,00, Обновлено строк: 0,00, Удалено строк: 0,00, Кэш-хит: 100,00%, Активных соединений: 2
    DateTime=2024-12-13T07:53:23.1920854Z
FiscalFlowAdmin Information: 0 : Мониторинг базы данных обновлен успешно: Транзакций в минуту: 35,94, Вставлено строк: 0,00, Обновлено строк: 0,00, Удалено строк: 0,00, Кэш-хит: 0,00%, Активных соединений: 2
    DateTime=2024-12-13T07:53:29.3431515Z
FiscalFlowAdmin Information: 0 : Мониторинг базы данных обновлен успешно: Транзакций в минуту: 35,97, Вставлено строк: 0,00, Обновлено строк: 0,00, Удалено строк: 0,00, Кэш-хит: 0,00%, Активных соединений: 2
    DateTime=2024-12-13T07:53:33.2005668Z
FiscalFlowAdmin Information: 0 : Мониторинг базы данных обновлен успешно: Транзакций в минуту: 35,99, Вставлено строк: 0,00, Обновлено строк: 0,00, Удалено строк: 0,00, Кэш-хит: 0,00%, Активных соединений: 2
    DateTime=2024-12-13T07:53:39.3461245Z
FiscalFlowAdmin Information: 0 : Мониторинг базы данных обновлен успешно: Транзакций в минуту: 35,98, Вставлено строк: 0,00, Обновлено строк: 0,00, Удалено строк: 0,00, Кэш-хит: 0,00%, Активных соединений: 2
    DateTime=2024-12-13T07:53:43.2055331Z
FiscalFlowAdmin Information: 0 : pg_dump: последний системный OID: 16383
    DateTime=2024-12-13T07:53:47.7385665Z
FiscalFlowAdmin Information: 0 : pg_dump: чтение расширений
    DateTime=2024-12-13T07:53:47.7409201Z
FiscalFlowAdmin Information: 0 : pg_dump: выявление членов расширений
    DateTime=2024-12-13T07:53:47.7432080Z
FiscalFlowAdmin Information: 0 : pg_dump: чтение схем
    DateTime=2024-12-13T07:53:47.7446523Z
FiscalFlowAdmin Information: 0 : pg_dump: чтение пользовательских таблиц
    DateTime=2024-12-13T07:53:47.7449670Z
FiscalFlowAdmin Information: 0 : pg_dump: чтение пользовательских функций
    DateTime=2024-12-13T07:53:47.7549745Z
FiscalFlowAdmin Information: 0 : pg_dump: чтение пользовательских типов
    DateTime=2024-12-13T07:53:47.7705326Z
FiscalFlowAdmin Information: 0 : pg_dump: чтение процедурных языков
    DateTime=2024-12-13T07:53:47.7775241Z
FiscalFlowAdmin Information: 0 : pg_dump: чтение пользовательских агрегатных функций
    DateTime=2024-12-13T07:53:47.7802548Z
FiscalFlowAdmin Information: 0 : pg_dump: чтение пользовательских операторов
    DateTime=2024-12-13T07:53:47.7814837Z
FiscalFlowAdmin Information: 0 : pg_dump: чтение пользовательских методов доступа
    DateTime=2024-12-13T07:53:47.7851630Z
FiscalFlowAdmin Information: 0 : pg_dump: чтение пользовательских классов операторов
    DateTime=2024-12-13T07:53:47.7859895Z
FiscalFlowAdmin Information: 0 : pg_dump: чтение пользовательских семейств операторов
    DateTime=2024-12-13T07:53:47.7887906Z
FiscalFlowAdmin Information: 0 : pg_dump: чтение пользовательских анализаторов текстового поиска
    DateTime=2024-12-13T07:53:47.7913523Z
FiscalFlowAdmin Information: 0 : pg_dump: чтение пользовательских шаблонов текстового поиска
    DateTime=2024-12-13T07:53:47.7936015Z
FiscalFlowAdmin Information: 0 : pg_dump: чтение пользовательских словарей текстового поиска
    DateTime=2024-12-13T07:53:47.7963180Z
FiscalFlowAdmin Information: 0 : pg_dump: чтение пользовательских конфигураций текстового поиска
    DateTime=2024-12-13T07:53:47.7989936Z
FiscalFlowAdmin Information: 0 : pg_dump: чтение пользовательских оболочек сторонних данных
    DateTime=2024-12-13T07:53:47.8018697Z
FiscalFlowAdmin Information: 0 : pg_dump: чтение пользовательских сторонних серверов
    DateTime=2024-12-13T07:53:47.8047763Z
FiscalFlowAdmin Information: 0 : pg_dump: чтение прав по умолчанию
    DateTime=2024-12-13T07:53:47.8068019Z
FiscalFlowAdmin Information: 0 : pg_dump: чтение пользовательских правил сортировки
    DateTime=2024-12-13T07:53:47.8088520Z
FiscalFlowAdmin Information: 0 : pg_dump: чтение пользовательских преобразований
    DateTime=2024-12-13T07:53:47.8153771Z
FiscalFlowAdmin Information: 0 : pg_dump: чтение приведений типов
    DateTime=2024-12-13T07:53:47.8179130Z
FiscalFlowAdmin Information: 0 : pg_dump: чтение преобразований
    DateTime=2024-12-13T07:53:47.8205776Z
FiscalFlowAdmin Information: 0 : pg_dump: чтение информации о наследовании таблиц
    DateTime=2024-12-13T07:53:47.8209152Z
FiscalFlowAdmin Information: 0 : pg_dump: чтение событийных триггеров
    DateTime=2024-12-13T07:53:47.8224717Z
FiscalFlowAdmin Information: 0 : pg_dump: поиск таблиц расширений
    DateTime=2024-12-13T07:53:47.8236503Z
FiscalFlowAdmin Information: 0 : pg_dump: поиск связей наследования
    DateTime=2024-12-13T07:53:47.8263922Z
FiscalFlowAdmin Information: 0 : pg_dump: чтение информации о столбцах интересующих таблиц
    DateTime=2024-12-13T07:53:47.8264178Z
FiscalFlowAdmin Information: 0 : pg_dump: поиск выражений по умолчанию для таблиц
    DateTime=2024-12-13T07:53:47.8314228Z
FiscalFlowAdmin Information: 0 : pg_dump: поиск ограничений-проверок для таблиц
    DateTime=2024-12-13T07:53:47.8335468Z
FiscalFlowAdmin Information: 0 : pg_dump: пометка наследованных столбцов в подтаблицах
    DateTime=2024-12-13T07:53:47.8341171Z
FiscalFlowAdmin Information: 0 : pg_dump: чтение информации о секционировании
    DateTime=2024-12-13T07:53:47.8341354Z
FiscalFlowAdmin Information: 0 : pg_dump: чтение индексов
    DateTime=2024-12-13T07:53:47.8352818Z
FiscalFlowAdmin Information: 0 : pg_dump: пометка индексов в секционированных таблицах
    DateTime=2024-12-13T07:53:47.8449393Z
FiscalFlowAdmin Information: 0 : pg_dump: чтение расширенной статистики
    DateTime=2024-12-13T07:53:47.8449707Z
FiscalFlowAdmin Information: 0 : pg_dump: чтение ограничений
    DateTime=2024-12-13T07:53:47.8470483Z
FiscalFlowAdmin Information: 0 : pg_dump: чтение триггеров
    DateTime=2024-12-13T07:53:47.8476189Z
FiscalFlowAdmin Information: 0 : pg_dump: чтение правил перезаписи
    DateTime=2024-12-13T07:53:47.8501450Z
FiscalFlowAdmin Information: 0 : pg_dump: чтение политик
    DateTime=2024-12-13T07:53:47.8515266Z
FiscalFlowAdmin Information: 0 : pg_dump: чтение политик защиты на уровне строк
    DateTime=2024-12-13T07:53:47.8515465Z
FiscalFlowAdmin Information: 0 : pg_dump: чтение публикаций
    DateTime=2024-12-13T07:53:47.8534403Z
FiscalFlowAdmin Information: 0 : pg_dump: чтение информации о таблицах, включённых в публикации
    DateTime=2024-12-13T07:53:47.8547856Z
FiscalFlowAdmin Information: 0 : pg_dump: чтение информации о схемах, включённых в публикации
    DateTime=2024-12-13T07:53:47.8568336Z
FiscalFlowAdmin Information: 0 : pg_dump: чтение подписок
    DateTime=2024-12-13T07:53:47.8579538Z
FiscalFlowAdmin Information: 0 : pg_dump: чтение больших объектов
    DateTime=2024-12-13T07:53:47.8623175Z
FiscalFlowAdmin Information: 0 : pg_dump: чтение информации о зависимостях
    DateTime=2024-12-13T07:53:47.8634203Z
FiscalFlowAdmin Information: 0 : pg_dump: сохранение кодировки (UTF8)
    DateTime=2024-12-13T07:53:47.8858674Z
FiscalFlowAdmin Information: 0 : pg_dump: сохранение standard_conforming_strings (on)
    DateTime=2024-12-13T07:53:47.8858922Z
FiscalFlowAdmin Information: 0 : pg_dump: сохранение search_path = 
    DateTime=2024-12-13T07:53:47.8861054Z
FiscalFlowAdmin Information: 0 : pg_dump: сохранение определения базы данных
    DateTime=2024-12-13T07:53:47.8861342Z
FiscalFlowAdmin Information: 0 : pg_dump: выгрузка содержимого таблицы "public.__EFMigrationsHistory"
    DateTime=2024-12-13T07:53:47.9256978Z
FiscalFlowAdmin Information: 0 : pg_dump: выгрузка содержимого таблицы "public.audit_actionlog"
    DateTime=2024-12-13T07:53:47.9261059Z
FiscalFlowAdmin Information: 0 : pg_dump: выгрузка содержимого таблицы "public.auth_group"
    DateTime=2024-12-13T07:53:47.9283577Z
FiscalFlowAdmin Information: 0 : pg_dump: выгрузка содержимого таблицы "public.auth_group_permissions"
    DateTime=2024-12-13T07:53:47.9291199Z
FiscalFlowAdmin Information: 0 : pg_dump: выгрузка содержимого таблицы "public.auth_permission"
    DateTime=2024-12-13T07:53:47.9296243Z
FiscalFlowAdmin Information: 0 : pg_dump: выгрузка содержимого таблицы "public.authentication_devicetoken"
    DateTime=2024-12-13T07:53:47.9307307Z
FiscalFlowAdmin Information: 0 : pg_dump: выгрузка содержимого таблицы "public.authentication_profile"
    DateTime=2024-12-13T07:53:47.9313568Z
FiscalFlowAdmin Information: 0 : pg_dump: выгрузка содержимого таблицы "public.authentication_user"
    DateTime=2024-12-13T07:53:47.9319386Z
FiscalFlowAdmin Information: 0 : pg_dump: выгрузка содержимого таблицы "public.authentication_user_groups"
    DateTime=2024-12-13T07:53:47.9324657Z
FiscalFlowAdmin Information: 0 : pg_dump: выгрузка содержимого таблицы "public.authentication_user_user_permissions"
    DateTime=2024-12-13T07:53:47.9328955Z
FiscalFlowAdmin Information: 0 : pg_dump: выгрузка содержимого таблицы "public.authtoken_token"
    DateTime=2024-12-13T07:53:47.9332511Z
FiscalFlowAdmin Information: 0 : pg_dump: выгрузка содержимого таблицы "public.django_admin_log"
    DateTime=2024-12-13T07:53:47.9336271Z
FiscalFlowAdmin Information: 0 : pg_dump: выгрузка содержимого таблицы "public.django_celery_beat_clockedschedule"
    DateTime=2024-12-13T07:53:47.9343513Z
FiscalFlowAdmin Information: 0 : pg_dump: выгрузка содержимого таблицы "public.django_celery_beat_crontabschedule"
    DateTime=2024-12-13T07:53:47.9347434Z
FiscalFlowAdmin Information: 0 : pg_dump: выгрузка содержимого таблицы "public.django_celery_beat_intervalschedule"
    DateTime=2024-12-13T07:53:47.9354132Z
FiscalFlowAdmin Information: 0 : pg_dump: выгрузка содержимого таблицы "public.django_celery_beat_periodictask"
    DateTime=2024-12-13T07:53:47.9358110Z
FiscalFlowAdmin Information: 0 : pg_dump: выгрузка содержимого таблицы "public.django_celery_beat_periodictasks"
    DateTime=2024-12-13T07:53:47.9372636Z
FiscalFlowAdmin Information: 0 : pg_dump: выгрузка содержимого таблицы "public.django_celery_beat_solarschedule"
    DateTime=2024-12-13T07:53:47.9386638Z
FiscalFlowAdmin Information: 0 : pg_dump: выгрузка содержимого таблицы "public.django_content_type"
    DateTime=2024-12-13T07:53:47.9394721Z
FiscalFlowAdmin Information: 0 : pg_dump: выгрузка содержимого таблицы "public.django_migrations"
    DateTime=2024-12-13T07:53:47.9403967Z
FiscalFlowAdmin Information: 0 : pg_dump: выгрузка содержимого таблицы "public.django_session"
    DateTime=2024-12-13T07:53:47.9411995Z
FiscalFlowAdmin Information: 0 : pg_dump: выгрузка содержимого таблицы "public.finances_app_bill"
    DateTime=2024-12-13T07:53:47.9417893Z
FiscalFlowAdmin Information: 0 : pg_dump: выгрузка содержимого таблицы "public.finances_app_credit"
    DateTime=2024-12-13T07:53:47.9422988Z
FiscalFlowAdmin Information: 0 : pg_dump: выгрузка содержимого таблицы "public.finances_app_currency"
    DateTime=2024-12-13T07:53:47.9425229Z
FiscalFlowAdmin Information: 0 : pg_dump: выгрузка содержимого таблицы "public.finances_app_dailycategoryexpense"
    DateTime=2024-12-13T07:53:47.9429633Z
FiscalFlowAdmin Information: 0 : pg_dump: выгрузка содержимого таблицы "public.finances_app_dailyreport"
    DateTime=2024-12-13T07:53:47.9431807Z
FiscalFlowAdmin Information: 0 : pg_dump: выгрузка содержимого таблицы "public.finances_app_debt"
    DateTime=2024-12-13T07:53:47.9434010Z
FiscalFlowAdmin Information: 0 : pg_dump: выгрузка содержимого таблицы "public.finances_app_monthlyexpense"
    DateTime=2024-12-13T07:53:47.9435976Z
FiscalFlowAdmin Information: 0 : pg_dump: выгрузка содержимого таблицы "public.finances_app_rate"
    DateTime=2024-12-13T07:53:47.9438279Z
FiscalFlowAdmin Information: 0 : pg_dump: выгрузка содержимого таблицы "public.finances_app_transaction"
    DateTime=2024-12-13T07:53:47.9442502Z
FiscalFlowAdmin Information: 0 : pg_dump: выгрузка содержимого таблицы "public.finances_app_transactioncategory"
    DateTime=2024-12-13T07:53:47.9461809Z
FiscalFlowAdmin Information: 0 : pg_dump: выгрузка содержимого таблицы "public.reminders_notification"
    DateTime=2024-12-13T07:53:47.9472439Z
FiscalFlowAdmin Information: 0 : pg_dump: выгрузка содержимого таблицы "public.reminders_notification_profiles"
    DateTime=2024-12-13T07:53:47.9477993Z
FiscalFlowAdmin Information: 0 : pg_dump: выгрузка содержимого таблицы "public.social_auth_association"
    DateTime=2024-12-13T07:53:47.9482787Z
FiscalFlowAdmin Information: 0 : pg_dump: выгрузка содержимого таблицы "public.social_auth_code"
    DateTime=2024-12-13T07:53:47.9488815Z
FiscalFlowAdmin Information: 0 : pg_dump: выгрузка содержимого таблицы "public.social_auth_nonce"
    DateTime=2024-12-13T07:53:47.9492842Z
FiscalFlowAdmin Information: 0 : pg_dump: выгрузка содержимого таблицы "public.social_auth_partial"
    DateTime=2024-12-13T07:53:47.9496724Z
FiscalFlowAdmin Information: 0 : pg_dump: выгрузка содержимого таблицы "public.social_auth_usersocialauth"
    DateTime=2024-12-13T07:53:47.9501577Z
FiscalFlowAdmin Information: 0 : pg_dump: выгрузка содержимого таблицы "public.token_blacklist_blacklistedtoken"
    DateTime=2024-12-13T07:53:47.9505826Z
FiscalFlowAdmin Information: 0 : pg_dump: выгрузка содержимого таблицы "public.token_blacklist_outstandingtoken"
    DateTime=2024-12-13T07:53:47.9513037Z
FiscalFlowAdmin Information: 0 : Мониторинг базы данных обновлен успешно: Транзакций в минуту: 113,91, Вставлено строк: 0,00, Обновлено строк: 0,00, Удалено строк: 0,00, Кэш-хит: 100,00%, Активных соединений: 2
    DateTime=2024-12-13T07:53:49.3542109Z
FiscalFlowAdmin Information: 0 : Резервное копирование успешно завершено.
    DateTime=2024-12-13T07:53:49.7389882Z
FiscalFlowAdmin Information: 0 : Мониторинг базы данных обновлен успешно: Транзакций в минуту: 113,90, Вставлено строк: 0,00, Обновлено строк: 0,00, Удалено строк: 0,00, Кэш-хит: 100,00%, Активных соединений: 2
    DateTime=2024-12-13T07:53:53.2139252Z
FiscalFlowAdmin Information: 0 : Мониторинг базы данных обновлен успешно: Транзакций в минуту: 47,92, Вставлено строк: 0,00, Обновлено строк: 0,00, Удалено строк: 0,00, Кэш-хит: 100,00%, Активных соединений: 2
    DateTime=2024-12-13T07:53:59.3699616Z
FiscalFlowAdmin Information: 0 : Мониторинг базы данных обновлен успешно: Транзакций в минуту: 47,94, Вставлено строк: 0,00, Обновлено строк: 0,00, Удалено строк: 0,00, Кэш-хит: 100,00%, Активных соединений: 2
    DateTime=2024-12-13T07:54:03.2266184Z
FiscalFlowAdmin Information: 0 : Мониторинг базы данных обновлен успешно: Транзакций в минуту: 35,95, Вставлено строк: 0,00, Обновлено строк: 0,00, Удалено строк: 0,00, Кэш-хит: 0,00%, Активных соединений: 2
    DateTime=2024-12-13T07:54:09.3825976Z
FiscalFlowAdmin Information: 0 : Мониторинг базы данных обновлен успешно: Транзакций в минуту: 35,94, Вставлено строк: 0,00, Обновлено строк: 0,00, Удалено строк: 0,00, Кэш-хит: 0,00%, Активных соединений: 2
    DateTime=2024-12-13T07:54:13.2430990Z
Получено 5 элементов из репозитория 'User'.
DisplayMemberPath: Email
ComboBox 'User' настроен с 5 элементами.
FiscalFlowAdmin Information: 0 : Мониторинг базы данных обновлен успешно: Транзакций в минуту: 59,99, Вставлено строк: 0,00, Обновлено строк: 0,00, Удалено строк: 0,00, Кэш-хит: 100,00%, Активных соединений: 2
    DateTime=2024-12-13T07:54:19.3845006Z
FiscalFlowAdmin Information: 0 : Мониторинг базы данных обновлен успешно: Транзакций в минуту: 71,99, Вставлено строк: 6,00, Обновлено строк: 0,00, Удалено строк: 0,00, Кэш-хит: 100,00%, Активных соединений: 2
    DateTime=2024-12-13T07:54:23.2439137Z
Получено 5 элементов из репозитория 'User'.
DisplayMemberPath: Email
ComboBox 'User' настроен с 5 элементами.
FiscalFlowAdmin Information: 0 : Мониторинг базы данных обновлен успешно: Транзакций в минуту: 59,98, Вставлено строк: 12,00, Обновлено строк: 6,00, Удалено строк: 0,00, Кэш-хит: 100,00%, Активных соединений: 2
    DateTime=2024-12-13T07:54:29.3873029Z
FiscalFlowAdmin Information: 0 : Мониторинг базы данных обновлен успешно: Транзакций в минуту: 71,97, Вставлено строк: 6,00, Обновлено строк: 6,00, Удалено строк: 0,00, Кэш-хит: 100,00%, Активных соединений: 2
    DateTime=2024-12-13T07:54:33.2476282Z
Получено 5 элементов из репозитория 'User'.
DisplayMemberPath: Email
ComboBox 'User' настроен с 5 элементами.
FiscalFlowAdmin Information: 0 : Мониторинг базы данных обновлен успешно: Транзакций в минуту: 95,99, Вставлено строк: 6,00, Обновлено строк: 0,00, Удалено строк: 12,00, Кэш-хит: 100,00%, Активных соединений: 2
    DateTime=2024-12-13T07:54:39.3882138Z
Получено 4 элементов из репозитория 'Currency'.
DisplayMemberPath: Name
ComboBox 'Currency' настроен с 4 элементами.
Получено 3 элементов из репозитория 'Profile'.
DisplayMemberPath: User.Email
ComboBox 'Profile' настроен с 3 элементами.
FiscalFlowAdmin Information: 0 : Мониторинг базы данных обновлен успешно: Транзакций в минуту: 119,99, Вставлено строк: 12,00, Обновлено строк: 0,00, Удалено строк: 24,00, Кэш-хит: 100,00%, Активных соединений: 2
    DateTime=2024-12-13T07:54:43.2487341Z
FiscalFlowAdmin Information: 0 : Мониторинг базы данных обновлен успешно: Транзакций в минуту: 95,56, Вставлено строк: 11,95, Обновлено строк: 0,00, Удалено строк: 11,95, Кэш-хит: 100,00%, Активных соединений: 2
    DateTime=2024-12-13T07:54:49.4340792Z
FiscalFlowAdmin Information: 0 : Мониторинг базы данных обновлен успешно: Транзакций в минуту: 59,97, Вставлено строк: 6,00, Обновлено строк: 0,00, Удалено строк: 0,00, Кэш-хит: 100,00%, Активных соединений: 2
    DateTime=2024-12-13T07:54:53.2544726Z
FiscalFlowAdmin Information: 0 : Мониторинг базы данных обновлен успешно: Транзакций в минуту: 95,92, Вставлено строк: 6,00, Обновлено строк: 0,00, Удалено строк: 17,99, Кэш-хит: 100,00%, Активных соединений: 2
    DateTime=2024-12-13T07:54:59.4422194Z
FiscalFlowAdmin Information: 0 : Мониторинг базы данных обновлен успешно: Транзакций в минуту: 107,96, Вставлено строк: 6,00, Обновлено строк: 0,00, Удалено строк: 23,99, Кэш-хит: 100,00%, Активных соединений: 2
    DateTime=2024-12-13T07:55:03.2577955Z
Получено 4 элементов из репозитория 'User'.
DisplayMemberPath: Email
ComboBox 'User' настроен с 4 элементами.
Получено 4 элементов из репозитория 'Currency'.
DisplayMemberPath: Name
ComboBox 'Currency' настроен с 4 элементами.
Получено 2 элементов из репозитория 'Profile'.
DisplayMemberPath: User.Email
ComboBox 'Profile' настроен с 2 элементами.
Получено 4 элементов из репозитория 'User'.
DisplayMemberPath: Email
ComboBox 'User' настроен с 4 элементами.
FiscalFlowAdmin Information: 0 : Мониторинг базы данных обновлен успешно: Транзакций в минуту: 179,71, Вставлено строк: 0,00, Обновлено строк: 0,00, Удалено строк: 5,99, Кэш-хит: 100,00%, Активных соединений: 2
    DateTime=2024-12-13T07:55:09.4582129Z
FiscalFlowAdmin Information: 0 : Мониторинг базы данных обновлен успешно: Транзакций в минуту: 155,88, Вставлено строк: 0,00, Обновлено строк: 0,00, Удалено строк: 0,00, Кэш-хит: 100,00%, Активных соединений: 2
    DateTime=2024-12-13T07:55:13.2653298Z
FiscalFlowAdmin Information: 0 : Данные для диаграмм загружены успешно.
    DateTime=2024-12-13T07:55:18.6504864Z
