FiscalFlowAdmin Information: 0 : Логирование настроено успешно.
    DateTime=2024-10-30T10:51:57.0653614Z
FiscalFlowAdmin Information: 0 : Инициализация предыдущих метрик мониторинга завершена.
    DateTime=2024-10-30T10:51:57.0702541Z
FiscalFlowAdmin Information: 0 : Мониторинг базы данных обновлен успешно: Транзакций в минуту: 0,00, Вставлено строк: 0,00, Обновлено строк: 0,00, Удалено строк: 0,00, Кэш-хит: 0,00%, Активных соединений: 1
    DateTime=2024-10-30T10:51:57.1041380Z
FiscalFlowAdmin Information: 0 : Мониторинг базы данных обновлен успешно: Транзакций в минуту: 65,90, Вставлено строк: 0,00, Обновлено строк: 0,00, Удалено строк: 0,00, Кэш-хит: 100,00%, Активных соединений: 1
    DateTime=2024-10-30T10:52:00.9317809Z
FiscalFlowAdmin Information: 0 : Мониторинг базы данных обновлен успешно: Транзакций в минуту: 59,92, Вставлено строк: 0,00, Обновлено строк: 0,00, Удалено строк: 0,00, Кэш-хит: 100,00%, Активных соединений: 1
    DateTime=2024-10-30T10:52:07.1177332Z
FiscalFlowAdmin Information: 0 : Мониторинг базы данных обновлен успешно: Транзакций в минуту: 35,96, Вставлено строк: 0,00, Обновлено строк: 0,00, Удалено строк: 0,00, Кэш-хит: 0,00%, Активных соединений: 1
    DateTime=2024-10-30T10:52:10.9439413Z
FiscalFlowAdmin Information: 0 : Мониторинг базы данных обновлен успешно: Транзакций в минуту: 35,79, Вставлено строк: 0,00, Обновлено строк: 0,00, Удалено строк: 0,00, Кэш-хит: 0,00%, Активных соединений: 1
    DateTime=2024-10-30T10:52:17.1768289Z
FiscalFlowAdmin Information: 0 : Мониторинг базы данных обновлен успешно: Транзакций в минуту: 35,98, Вставлено строк: 0,00, Обновлено строк: 0,00, Удалено строк: 0,00, Кэш-хит: 0,00%, Активных соединений: 1
    DateTime=2024-10-30T10:52:20.9504016Z
FiscalFlowAdmin Information: 0 : Мониторинг базы данных обновлен успешно: Транзакций в минуту: 47,99, Вставлено строк: 0,00, Обновлено строк: 0,00, Удалено строк: 0,00, Кэш-хит: 100,00%, Активных соединений: 1
    DateTime=2024-10-30T10:52:27.1783736Z
FiscalFlowAdmin Information: 0 : Мониторинг базы данных обновлен успешно: Транзакций в минуту: 47,91, Вставлено строк: 0,00, Обновлено строк: 0,00, Удалено строк: 0,00, Кэш-хит: 100,00%, Активных соединений: 1
    DateTime=2024-10-30T10:52:30.9683435Z
FiscalFlowAdmin Information: 0 : Мониторинг базы данных обновлен успешно: Транзакций в минуту: 35,95, Вставлено строк: 0,00, Обновлено строк: 0,00, Удалено строк: 0,00, Кэш-хит: 0,00%, Активных соединений: 1
    DateTime=2024-10-30T10:52:37.1927506Z
FiscalFlowAdmin Information: 0 : Мониторинг базы данных обновлен успешно: Транзакций в минуту: 35,94, Вставлено строк: 0,00, Обновлено строк: 0,00, Удалено строк: 0,00, Кэш-хит: 0,00%, Активных соединений: 1
    DateTime=2024-10-30T10:52:40.9850710Z
FiscalFlowAdmin Information: 0 : Мониторинг базы данных обновлен успешно: Транзакций в минуту: 36,00, Вставлено строк: 0,00, Обновлено строк: 0,00, Удалено строк: 0,00, Кэш-хит: 0,00%, Активных соединений: 1
    DateTime=2024-10-30T10:52:47.1939562Z
FiscalFlowAdmin Information: 0 : Мониторинг базы данных обновлен успешно: Транзакций в минуту: 35,97, Вставлено строк: 0,00, Обновлено строк: 0,00, Удалено строк: 0,00, Кэш-хит: 0,00%, Активных соединений: 1
    DateTime=2024-10-30T10:52:50.9947200Z
FiscalFlowAdmin Information: 0 : Мониторинг базы данных обновлен успешно: Транзакций в минуту: 35,98, Вставлено строк: 0,00, Обновлено строк: 0,00, Удалено строк: 0,00, Кэш-хит: 0,00%, Активных соединений: 1
    DateTime=2024-10-30T10:52:57.1996903Z
FiscalFlowAdmin Information: 0 : Мониторинг базы данных обновлен успешно: Транзакций в минуту: 35,99, Вставлено строк: 0,00, Обновлено строк: 0,00, Удалено строк: 0,00, Кэш-хит: 0,00%, Активных соединений: 1
    DateTime=2024-10-30T10:53:00.9984368Z
FiscalFlowAdmin Information: 0 : Мониторинг базы данных обновлен успешно: Транзакций в минуту: 35,98, Вставлено строк: 0,00, Обновлено строк: 0,00, Удалено строк: 0,00, Кэш-хит: 0,00%, Активных соединений: 1
    DateTime=2024-10-30T10:53:07.2040705Z
FiscalFlowAdmin Information: 0 : Мониторинг базы данных обновлен успешно: Транзакций в минуту: 35,93, Вставлено строк: 0,00, Обновлено строк: 0,00, Удалено строк: 0,00, Кэш-хит: 0,00%, Активных соединений: 1
    DateTime=2024-10-30T10:53:11.0193728Z
FiscalFlowAdmin Information: 0 : Мониторинг базы данных обновлен успешно: Транзакций в минуту: 35,94, Вставлено строк: 0,00, Обновлено строк: 0,00, Удалено строк: 0,00, Кэш-хит: 0,00%, Активных соединений: 1
    DateTime=2024-10-30T10:53:17.2218625Z
FiscalFlowAdmin Information: 0 : Мониторинг базы данных обновлен успешно: Транзакций в минуту: 35,93, Вставлено строк: 0,00, Обновлено строк: 0,00, Удалено строк: 0,00, Кэш-хит: 0,00%, Активных соединений: 1
    DateTime=2024-10-30T10:53:21.0394136Z
FiscalFlowAdmin Information: 0 : Мониторинг базы данных обновлен успешно: Транзакций в минуту: 35,99, Вставлено строк: 0,00, Обновлено строк: 0,00, Удалено строк: 0,00, Кэш-хит: 0,00%, Активных соединений: 1
    DateTime=2024-10-30T10:53:27.2251800Z
FiscalFlowAdmin Information: 0 : Мониторинг базы данных обновлен успешно: Транзакций в минуту: 47,98, Вставлено строк: 0,00, Обновлено строк: 0,00, Удалено строк: 0,00, Кэш-хит: 100,00%, Активных соединений: 1
    DateTime=2024-10-30T10:53:31.0440836Z
FiscalFlowAdmin Information: 0 : Мониторинг базы данных обновлен успешно: Транзакций в минуту: 47,98, Вставлено строк: 0,00, Обновлено строк: 0,00, Удалено строк: 0,00, Кэш-хит: 100,00%, Активных соединений: 1
    DateTime=2024-10-30T10:53:37.2293620Z
FiscalFlowAdmin Information: 0 : Мониторинг базы данных обновлен успешно: Транзакций в минуту: 35,77, Вставлено строк: 0,00, Обновлено строк: 0,00, Удалено строк: 0,00, Кэш-хит: 100,00%, Активных соединений: 1
    DateTime=2024-10-30T10:53:41.1077667Z
FiscalFlowAdmin Information: 0 : Мониторинг базы данных обновлен успешно: Транзакций в минуту: 35,98, Вставлено строк: 0,00, Обновлено строк: 0,00, Удалено строк: 0,00, Кэш-хит: 100,00%, Активных соединений: 1
    DateTime=2024-10-30T10:53:47.2344819Z
FiscalFlowAdmin Information: 0 : Мониторинг базы данных обновлен успешно: Транзакций в минуту: 35,94, Вставлено строк: 0,00, Обновлено строк: 0,00, Удалено строк: 0,00, Кэш-хит: 100,00%, Активных соединений: 1
    DateTime=2024-10-30T10:53:51.1234127Z
FiscalFlowAdmin Information: 0 : Мониторинг базы данных обновлен успешно: Транзакций в минуту: 35,96, Вставлено строк: 0,00, Обновлено строк: 0,00, Удалено строк: 0,00, Кэш-хит: 0,00%, Активных соединений: 1
    DateTime=2024-10-30T10:53:57.2453326Z
FiscalFlowAdmin Information: 0 : Данные для диаграмм загружены успешно.
    DateTime=2024-10-30T10:54:00.2697903Z
